

================================================================
== Vivado HLS Report for 'mmult_accel'
================================================================
* Date:           Fri Apr 21 15:18:20 2017

* Version:        2017.1 (Build 1846317 on Tue Apr 18 19:02:30 MDT 2017)
* Project:        mmult_accel
* Solution:       solution
* Product family: zynq
* Target device:  xc7z045ffg900-2


================================================================
== Performance Estimates
================================================================
+ Timing (ns): 
    * Summary: 
    +--------+-------+----------+------------+
    |  Clock | Target| Estimated| Uncertainty|
    +--------+-------+----------+------------+
    |ap_clk  |   7.00|      6.13|        0.88|
    +--------+-------+----------+------------+

+ Latency (clock cycles): 
    * Summary: 
    +-----+----------+-----+----------+---------+
    |     Latency    |    Interval    | Pipeline|
    | min |    max   | min |    max   |   Type  |
    +-----+----------+-----+----------+---------+
    |   38|  17629718|   39|  17629719|   none  |
    +-----+----------+-----+----------+---------+

    + Detail: 
        * Instance: 
        N/A

        * Loop: 
        +----------------------+-----+----------+-----------+-----------+-----------+-----------+----------+
        |                      |     Latency    | Iteration |  Initiation Interval  |    Trip   |          |
        |       Loop Name      | min |    max   |  Latency  |  achieved |   target  |   Count   | Pipelined|
        +----------------------+-----+----------+-----------+-----------+-----------+-----------+----------+
        |- read_data_a         |    2|    131072|          2|          -|          -| 1 ~ 65536 |    no    |
        |- read_data_b         |    2|    131072|          2|          -|          -| 1 ~ 65536 |    no    |
        |- matrix_mult         |    9|  17170944| 9 ~ 67074 |          -|          -|  1 ~ 256  |    no    |
        | + matrix_mult.1      |    7|     67072|  7 ~ 262  |          -|          -|  1 ~ 256  |    no    |
        |  ++ matrix_mult.1.1  |    4|       259|          5|          1|          1|  1 ~ 256  |    yes   |
        |- write_data          |    3|    196608|          3|          -|          -| 1 ~ 65536 |    no    |
        +----------------------+-----+----------+-----------+-----------+-----------+-----------+----------+

============================================================
+ Verbose Summary: Synthesis Manager
============================================================
InlineROM: 1
ExposeGlobal: 0
============================================================
+ Verbose Summary: CDFG Model
============================================================
IsTopModel: 1
ResetActiveHigh: 1
IsCombinational: 0
IsDatapathOnly: 0
HasWiredReturn: 1
HasMFsm: 0
HasVarLatency: 1
IsPipeline: 0
IsRtlPipelined: 0
IsInstanceOverlapped: 0
IsDontTouch: 0
HasImplIP: 0
IsGatedGlobalClock: 0

+ Individual pipeline summary: 
  * Pipeline-0: initiation interval (II) = 1, depth = 5


============================================================
+ Verbose Summary: Schedule
============================================================
* Number of FSM states: 34
* Pipeline: 1
  Pipeline-0: II = 1, D = 5, States = { 22 23 24 25 26 }
* Dataflow Pipeline: 0

* FSM state transitions: 
1 --> 
	2  / true
2 --> 
	3  / true
3 --> 
	4  / true
4 --> 
	5  / true
5 --> 
	6  / true
6 --> 
	7  / true
7 --> 
	8  / true
8 --> 
	9  / true
9 --> 
	10  / true
10 --> 
	11  / (tmp_1)
	12  / (!tmp_1)
11 --> 
	10  / true
12 --> 
	13  / true
13 --> 
	14  / true
14 --> 
	15  / true
15 --> 
	16  / true
16 --> 
	17  / true
17 --> 
	18  / true
18 --> 
	19  / (tmp_6)
	20  / (!tmp_6)
19 --> 
	18  / true
20 --> 
	21  / (tmp_s)
	28  / (!tmp_s)
21 --> 
	22  / (!exitcond1)
	20  / (exitcond1)
22 --> 
	27  / (exitcond)
	23  / (!exitcond)
23 --> 
	24  / true
24 --> 
	25  / true
25 --> 
	26  / true
26 --> 
	22  / true
27 --> 
	21  / true
28 --> 
	29  / (tmp_3)
	31  / (!tmp_3)
29 --> 
	30  / true
30 --> 
	28  / true
31 --> 
	32  / true
32 --> 
	33  / true
33 --> 
	34  / true
34 --> 
* FSM state operations: 

 <State 1>: 5.79ns
ST_1: size_read (8)  [1/1] 0.00ns
:0  %size_read = call i32 @_ssdm_op_Read.ap_auto.i32(i32 %size)

ST_1: bufa (26)  [1/1] 0.00ns  loc: /proj/xhdhdstaff2/kalib/sprite_makefile_dev/apps/cpp/getting_started/full_array_2d/src/mmult.cpp:53
:18  %bufa = alloca [65536 x i32], align 4

ST_1: bufb (27)  [1/1] 0.00ns  loc: /proj/xhdhdstaff2/kalib/sprite_makefile_dev/apps/cpp/getting_started/full_array_2d/src/mmult.cpp:53
:19  %bufb = alloca [65536 x i32], align 4

ST_1: bufc (28)  [1/1] 0.00ns  loc: /proj/xhdhdstaff2/kalib/sprite_makefile_dev/apps/cpp/getting_started/full_array_2d/src/mmult.cpp:53
:20  %bufc = alloca [65536 x i32], align 4

ST_1: matrix_size (33)  [2/2] 5.79ns  loc: /proj/xhdhdstaff2/kalib/sprite_makefile_dev/apps/cpp/getting_started/full_array_2d/src/mmult.cpp:54
:25  %matrix_size = mul nsw i32 %size_read, %size_read


 <State 2>: 5.79ns
ST_2: matrix_size (33)  [1/2] 5.79ns  loc: /proj/xhdhdstaff2/kalib/sprite_makefile_dev/apps/cpp/getting_started/full_array_2d/src/mmult.cpp:54
:25  %matrix_size = mul nsw i32 %size_read, %size_read


 <State 3>: 6.13ns
ST_3: a_offset_read (11)  [1/1] 0.00ns
:3  %a_offset_read = call i32 @_ssdm_op_Read.ap_auto.i32(i32 %a_offset)

ST_3: a_offset1 (18)  [1/1] 0.00ns
:10  %a_offset1 = call i30 @_ssdm_op_PartSelect.i30.i32.i32.i32(i32 %a_offset_read, i32 2, i32 31)

ST_3: tmp_16 (19)  [1/1] 0.00ns
:11  %tmp_16 = zext i30 %a_offset1 to i32

ST_3: a_addr (20)  [1/1] 0.00ns
:12  %a_addr = getelementptr i32* %a, i32 %tmp_16

ST_3: a_addr_1_rd_req (35)  [7/7] 6.13ns  loc: /proj/xhdhdstaff2/kalib/sprite_makefile_dev/apps/cpp/getting_started/full_array_2d/src/mmult.cpp:60
:27  %a_addr_1_rd_req = call i1 @_ssdm_op_ReadReq.m_axi.i32P(i32* %a_addr, i32 %matrix_size)


 <State 4>: 6.13ns
ST_4: a_addr_1_rd_req (35)  [6/7] 6.13ns  loc: /proj/xhdhdstaff2/kalib/sprite_makefile_dev/apps/cpp/getting_started/full_array_2d/src/mmult.cpp:60
:27  %a_addr_1_rd_req = call i1 @_ssdm_op_ReadReq.m_axi.i32P(i32* %a_addr, i32 %matrix_size)


 <State 5>: 6.13ns
ST_5: a_addr_1_rd_req (35)  [5/7] 6.13ns  loc: /proj/xhdhdstaff2/kalib/sprite_makefile_dev/apps/cpp/getting_started/full_array_2d/src/mmult.cpp:60
:27  %a_addr_1_rd_req = call i1 @_ssdm_op_ReadReq.m_axi.i32P(i32* %a_addr, i32 %matrix_size)


 <State 6>: 6.13ns
ST_6: a_addr_1_rd_req (35)  [4/7] 6.13ns  loc: /proj/xhdhdstaff2/kalib/sprite_makefile_dev/apps/cpp/getting_started/full_array_2d/src/mmult.cpp:60
:27  %a_addr_1_rd_req = call i1 @_ssdm_op_ReadReq.m_axi.i32P(i32* %a_addr, i32 %matrix_size)


 <State 7>: 6.13ns
ST_7: a_addr_1_rd_req (35)  [3/7] 6.13ns  loc: /proj/xhdhdstaff2/kalib/sprite_makefile_dev/apps/cpp/getting_started/full_array_2d/src/mmult.cpp:60
:27  %a_addr_1_rd_req = call i1 @_ssdm_op_ReadReq.m_axi.i32P(i32* %a_addr, i32 %matrix_size)


 <State 8>: 6.13ns
ST_8: a_addr_1_rd_req (35)  [2/7] 6.13ns  loc: /proj/xhdhdstaff2/kalib/sprite_makefile_dev/apps/cpp/getting_started/full_array_2d/src/mmult.cpp:60
:27  %a_addr_1_rd_req = call i1 @_ssdm_op_ReadReq.m_axi.i32P(i32* %a_addr, i32 %matrix_size)


 <State 9>: 6.13ns
ST_9: c_offset_read (9)  [1/1] 0.00ns
:1  %c_offset_read = call i32 @_ssdm_op_Read.ap_auto.i32(i32 %c_offset)

ST_9: b_offset_read (10)  [1/1] 0.00ns
:2  %b_offset_read = call i32 @_ssdm_op_Read.ap_auto.i32(i32 %b_offset)

ST_9: c_offset5 (12)  [1/1] 0.00ns
:4  %c_offset5 = call i30 @_ssdm_op_PartSelect.i30.i32.i32.i32(i32 %c_offset_read, i32 2, i32 31)

ST_9: tmp_14 (13)  [1/1] 0.00ns
:5  %tmp_14 = zext i30 %c_offset5 to i32

ST_9: c_addr (14)  [1/1] 0.00ns
:6  %c_addr = getelementptr i32* %c, i32 %tmp_14

ST_9: b_offset3 (15)  [1/1] 0.00ns
:7  %b_offset3 = call i30 @_ssdm_op_PartSelect.i30.i32.i32.i32(i32 %b_offset_read, i32 2, i32 31)

ST_9: tmp_15 (16)  [1/1] 0.00ns
:8  %tmp_15 = zext i30 %b_offset3 to i32

ST_9: b_addr (17)  [1/1] 0.00ns
:9  %b_addr = getelementptr i32* %b, i32 %tmp_15

ST_9: StgValue_59 (21)  [1/1] 0.00ns
:13  call void (...)* @_ssdm_op_SpecBitsMap(i32* %c), !map !10

ST_9: StgValue_60 (22)  [1/1] 0.00ns
:14  call void (...)* @_ssdm_op_SpecBitsMap(i32* %b), !map !16

ST_9: StgValue_61 (23)  [1/1] 0.00ns
:15  call void (...)* @_ssdm_op_SpecBitsMap(i32* %a), !map !20

ST_9: StgValue_62 (24)  [1/1] 0.00ns
:16  call void (...)* @_ssdm_op_SpecBitsMap(i32 %size) nounwind, !map !24

ST_9: StgValue_63 (25)  [1/1] 0.00ns
:17  call void (...)* @_ssdm_op_SpecTopModule([12 x i8]* @mmult_accel_str) nounwind

ST_9: StgValue_64 (29)  [1/1] 0.00ns  loc: /proj/xhdhdstaff2/kalib/sprite_makefile_dev/apps/cpp/getting_started/full_array_2d/src/mmult.cpp:52
:21  call void (...)* @_ssdm_op_SpecLatency(i32 1, i32 65535, [1 x i8]* @p_str) nounwind

ST_9: StgValue_65 (30)  [1/1] 0.00ns  loc: /proj/xhdhdstaff2/kalib/sprite_makefile_dev/apps/cpp/getting_started/full_array_2d/src/mmult.cpp:52
:22  call void (...)* @_ssdm_op_SpecInterface(i32* %a, [6 x i8]* @p_str1, i32 0, i32 0, [1 x i8]* @p_str, i32 0, i32 0, [2 x i8]* @p_str2, [7 x i8]* @p_str3, [1 x i8]* @p_str, i32 16, i32 16, i32 16, i32 16, [1 x i8]* @p_str, [1 x i8]* @p_str) nounwind

ST_9: StgValue_66 (31)  [1/1] 0.00ns  loc: /proj/xhdhdstaff2/kalib/sprite_makefile_dev/apps/cpp/getting_started/full_array_2d/src/mmult.cpp:52
:23  call void (...)* @_ssdm_op_SpecInterface(i32* %c, [6 x i8]* @p_str1, i32 0, i32 0, [1 x i8]* @p_str, i32 0, i32 0, [2 x i8]* @p_str4, [7 x i8]* @p_str3, [1 x i8]* @p_str, i32 16, i32 16, i32 16, i32 16, [1 x i8]* @p_str, [1 x i8]* @p_str) nounwind

ST_9: StgValue_67 (32)  [1/1] 0.00ns  loc: /proj/xhdhdstaff2/kalib/sprite_makefile_dev/apps/cpp/getting_started/full_array_2d/src/mmult.cpp:52
:24  call void (...)* @_ssdm_op_SpecInterface(i32* %b, [6 x i8]* @p_str1, i32 0, i32 0, [1 x i8]* @p_str, i32 0, i32 0, [2 x i8]* @p_str5, [7 x i8]* @p_str3, [1 x i8]* @p_str, i32 16, i32 16, i32 16, i32 16, [1 x i8]* @p_str, [1 x i8]* @p_str) nounwind

ST_9: tmp (34)  [1/1] 2.37ns  loc: /proj/xhdhdstaff2/kalib/sprite_makefile_dev/apps/cpp/getting_started/full_array_2d/src/mmult.cpp:62
:26  %tmp = add nsw i32 %size_read, -1

ST_9: a_addr_1_rd_req (35)  [1/7] 6.13ns  loc: /proj/xhdhdstaff2/kalib/sprite_makefile_dev/apps/cpp/getting_started/full_array_2d/src/mmult.cpp:60
:27  %a_addr_1_rd_req = call i1 @_ssdm_op_ReadReq.m_axi.i32P(i32* %a_addr, i32 %matrix_size)

ST_9: StgValue_70 (36)  [1/1] 1.30ns  loc: /proj/xhdhdstaff2/kalib/sprite_makefile_dev/apps/cpp/getting_started/full_array_2d/src/mmult.cpp:58
:28  br label %1


 <State 10>: 6.13ns
ST_10: i (38)  [1/1] 0.00ns
:0  %i = phi i31 [ 0, %0 ], [ %i_1, %2 ]

ST_10: y (39)  [1/1] 0.00ns
:1  %y = phi i17 [ 0, %0 ], [ %y_1, %2 ]

ST_10: x (40)  [1/1] 0.00ns
:2  %x = phi i17 [ 0, %0 ], [ %x_1, %2 ]

ST_10: i_cast (41)  [1/1] 0.00ns  loc: /proj/xhdhdstaff2/kalib/sprite_makefile_dev/apps/cpp/getting_started/full_array_2d/src/mmult.cpp:58
:3  %i_cast = zext i31 %i to i32

ST_10: y_cast (42)  [1/1] 0.00ns  loc: /proj/xhdhdstaff2/kalib/sprite_makefile_dev/apps/cpp/getting_started/full_array_2d/src/mmult.cpp:58
:4  %y_cast = zext i17 %y to i32

ST_10: y_cast_cast (43)  [1/1] 0.00ns  loc: /proj/xhdhdstaff2/kalib/sprite_makefile_dev/apps/cpp/getting_started/full_array_2d/src/mmult.cpp:62
:5  %y_cast_cast = zext i17 %y to i18

ST_10: tmp_17 (44)  [1/1] 0.00ns  loc: /proj/xhdhdstaff2/kalib/sprite_makefile_dev/apps/cpp/getting_started/full_array_2d/src/mmult.cpp:62
:6  %tmp_17 = trunc i17 %x to i10

ST_10: tmp_18_cast (45)  [1/1] 0.00ns  loc: /proj/xhdhdstaff2/kalib/sprite_makefile_dev/apps/cpp/getting_started/full_array_2d/src/mmult.cpp:61
:7  %tmp_18_cast = call i18 @_ssdm_op_BitConcatenate.i18.i10.i8(i10 %tmp_17, i8 0)

ST_10: tmp_18 (46)  [1/1] 2.01ns  loc: /proj/xhdhdstaff2/kalib/sprite_makefile_dev/apps/cpp/getting_started/full_array_2d/src/mmult.cpp:61
:8  %tmp_18 = add i18 %tmp_18_cast, %y_cast_cast

ST_10: tmp_19_cast (47)  [1/1] 0.00ns  loc: /proj/xhdhdstaff2/kalib/sprite_makefile_dev/apps/cpp/getting_started/full_array_2d/src/mmult.cpp:61
:9  %tmp_19_cast = zext i18 %tmp_18 to i32

ST_10: bufa_addr (48)  [1/1] 0.00ns  loc: /proj/xhdhdstaff2/kalib/sprite_makefile_dev/apps/cpp/getting_started/full_array_2d/src/mmult.cpp:61
:10  %bufa_addr = getelementptr [65536 x i32]* %bufa, i32 0, i32 %tmp_19_cast

ST_10: tmp_1 (49)  [1/1] 2.67ns  loc: /proj/xhdhdstaff2/kalib/sprite_makefile_dev/apps/cpp/getting_started/full_array_2d/src/mmult.cpp:58
:11  %tmp_1 = icmp slt i32 %i_cast, %matrix_size

ST_10: i_1 (50)  [1/1] 2.34ns  loc: /proj/xhdhdstaff2/kalib/sprite_makefile_dev/apps/cpp/getting_started/full_array_2d/src/mmult.cpp:58
:12  %i_1 = add i31 1, %i

ST_10: StgValue_84 (51)  [1/1] 0.00ns  loc: /proj/xhdhdstaff2/kalib/sprite_makefile_dev/apps/cpp/getting_started/full_array_2d/src/mmult.cpp:58
:13  br i1 %tmp_1, label %2, label %.preheader3.preheader

ST_10: tmpData_a (56)  [1/1] 6.13ns  loc: /proj/xhdhdstaff2/kalib/sprite_makefile_dev/apps/cpp/getting_started/full_array_2d/src/mmult.cpp:60
:3  %tmpData_a = call i32 @_ssdm_op_Read.m_axi.i32P(i32* %a_addr)

ST_10: tmp_2 (58)  [1/1] 2.67ns  loc: /proj/xhdhdstaff2/kalib/sprite_makefile_dev/apps/cpp/getting_started/full_array_2d/src/mmult.cpp:62
:5  %tmp_2 = icmp eq i32 %y_cast, %tmp

ST_10: x_2 (59)  [1/1] 1.98ns  loc: /proj/xhdhdstaff2/kalib/sprite_makefile_dev/apps/cpp/getting_started/full_array_2d/src/mmult.cpp:63
:6  %x_2 = add i17 %x, 1

ST_10: y_2 (60)  [1/1] 1.98ns  loc: /proj/xhdhdstaff2/kalib/sprite_makefile_dev/apps/cpp/getting_started/full_array_2d/src/mmult.cpp:66
:7  %y_2 = add i17 %y, 1

ST_10: y_1 (61)  [1/1] 1.68ns  loc: /proj/xhdhdstaff2/kalib/sprite_makefile_dev/apps/cpp/getting_started/full_array_2d/src/mmult.cpp:62
:8  %y_1 = select i1 %tmp_2, i17 0, i17 %y_2

ST_10: x_1 (62)  [1/1] 1.68ns  loc: /proj/xhdhdstaff2/kalib/sprite_makefile_dev/apps/cpp/getting_started/full_array_2d/src/mmult.cpp:62
:9  %x_1 = select i1 %tmp_2, i17 %x_2, i17 %x

ST_10: b_addr_1_rd_req (66)  [7/7] 6.13ns  loc: /proj/xhdhdstaff2/kalib/sprite_makefile_dev/apps/cpp/getting_started/full_array_2d/src/mmult.cpp:74
.preheader3.preheader:0  %b_addr_1_rd_req = call i1 @_ssdm_op_ReadReq.m_axi.i32P(i32* %b_addr, i32 %matrix_size)


 <State 11>: 2.77ns
ST_11: StgValue_92 (53)  [1/1] 0.00ns  loc: /proj/xhdhdstaff2/kalib/sprite_makefile_dev/apps/cpp/getting_started/full_array_2d/src/mmult.cpp:58
:0  call void (...)* @_ssdm_op_SpecLoopName([12 x i8]* @p_str6) nounwind

ST_11: tmp_8 (54)  [1/1] 0.00ns  loc: /proj/xhdhdstaff2/kalib/sprite_makefile_dev/apps/cpp/getting_started/full_array_2d/src/mmult.cpp:58
:1  %tmp_8 = call i32 (...)* @_ssdm_op_SpecRegionBegin([12 x i8]* @p_str6) nounwind

ST_11: StgValue_94 (55)  [1/1] 0.00ns  loc: /proj/xhdhdstaff2/kalib/sprite_makefile_dev/apps/cpp/getting_started/full_array_2d/src/mmult.cpp:59
:2  call void (...)* @_ssdm_op_SpecLoopTripCount(i32 1, i32 65536, i32 32768, [1 x i8]* @p_str) nounwind

ST_11: StgValue_95 (57)  [1/1] 2.77ns  loc: /proj/xhdhdstaff2/kalib/sprite_makefile_dev/apps/cpp/getting_started/full_array_2d/src/mmult.cpp:61
:4  store i32 %tmpData_a, i32* %bufa_addr, align 4

ST_11: empty (63)  [1/1] 0.00ns  loc: /proj/xhdhdstaff2/kalib/sprite_makefile_dev/apps/cpp/getting_started/full_array_2d/src/mmult.cpp:68
:10  %empty = call i32 (...)* @_ssdm_op_SpecRegionEnd([12 x i8]* @p_str6, i32 %tmp_8) nounwind

ST_11: StgValue_97 (64)  [1/1] 0.00ns  loc: /proj/xhdhdstaff2/kalib/sprite_makefile_dev/apps/cpp/getting_started/full_array_2d/src/mmult.cpp:58
:11  br label %1


 <State 12>: 6.13ns
ST_12: b_addr_1_rd_req (66)  [6/7] 6.13ns  loc: /proj/xhdhdstaff2/kalib/sprite_makefile_dev/apps/cpp/getting_started/full_array_2d/src/mmult.cpp:74
.preheader3.preheader:0  %b_addr_1_rd_req = call i1 @_ssdm_op_ReadReq.m_axi.i32P(i32* %b_addr, i32 %matrix_size)


 <State 13>: 6.13ns
ST_13: b_addr_1_rd_req (66)  [5/7] 6.13ns  loc: /proj/xhdhdstaff2/kalib/sprite_makefile_dev/apps/cpp/getting_started/full_array_2d/src/mmult.cpp:74
.preheader3.preheader:0  %b_addr_1_rd_req = call i1 @_ssdm_op_ReadReq.m_axi.i32P(i32* %b_addr, i32 %matrix_size)


 <State 14>: 6.13ns
ST_14: b_addr_1_rd_req (66)  [4/7] 6.13ns  loc: /proj/xhdhdstaff2/kalib/sprite_makefile_dev/apps/cpp/getting_started/full_array_2d/src/mmult.cpp:74
.preheader3.preheader:0  %b_addr_1_rd_req = call i1 @_ssdm_op_ReadReq.m_axi.i32P(i32* %b_addr, i32 %matrix_size)


 <State 15>: 6.13ns
ST_15: b_addr_1_rd_req (66)  [3/7] 6.13ns  loc: /proj/xhdhdstaff2/kalib/sprite_makefile_dev/apps/cpp/getting_started/full_array_2d/src/mmult.cpp:74
.preheader3.preheader:0  %b_addr_1_rd_req = call i1 @_ssdm_op_ReadReq.m_axi.i32P(i32* %b_addr, i32 %matrix_size)


 <State 16>: 6.13ns
ST_16: b_addr_1_rd_req (66)  [2/7] 6.13ns  loc: /proj/xhdhdstaff2/kalib/sprite_makefile_dev/apps/cpp/getting_started/full_array_2d/src/mmult.cpp:74
.preheader3.preheader:0  %b_addr_1_rd_req = call i1 @_ssdm_op_ReadReq.m_axi.i32P(i32* %b_addr, i32 %matrix_size)


 <State 17>: 6.13ns
ST_17: b_addr_1_rd_req (66)  [1/7] 6.13ns  loc: /proj/xhdhdstaff2/kalib/sprite_makefile_dev/apps/cpp/getting_started/full_array_2d/src/mmult.cpp:74
.preheader3.preheader:0  %b_addr_1_rd_req = call i1 @_ssdm_op_ReadReq.m_axi.i32P(i32* %b_addr, i32 %matrix_size)

ST_17: StgValue_104 (67)  [1/1] 1.30ns  loc: /proj/xhdhdstaff2/kalib/sprite_makefile_dev/apps/cpp/getting_started/full_array_2d/src/mmult.cpp:72
.preheader3.preheader:1  br label %.preheader3


 <State 18>: 6.13ns
ST_18: y3 (69)  [1/1] 0.00ns
.preheader3:0  %y3 = phi i17 [ %y_4, %3 ], [ 0, %.preheader3.preheader ]

ST_18: x2 (70)  [1/1] 0.00ns
.preheader3:1  %x2 = phi i17 [ %x_4, %3 ], [ 0, %.preheader3.preheader ]

ST_18: i1 (71)  [1/1] 0.00ns
.preheader3:2  %i1 = phi i31 [ %i_2, %3 ], [ 0, %.preheader3.preheader ]

ST_18: y3_cast (72)  [1/1] 0.00ns  loc: /proj/xhdhdstaff2/kalib/sprite_makefile_dev/apps/cpp/getting_started/full_array_2d/src/mmult.cpp:72
.preheader3:3  %y3_cast = zext i17 %y3 to i32

ST_18: y3_cast_cast (73)  [1/1] 0.00ns  loc: /proj/xhdhdstaff2/kalib/sprite_makefile_dev/apps/cpp/getting_started/full_array_2d/src/mmult.cpp:76
.preheader3:4  %y3_cast_cast = zext i17 %y3 to i18

ST_18: tmp_19 (74)  [1/1] 0.00ns  loc: /proj/xhdhdstaff2/kalib/sprite_makefile_dev/apps/cpp/getting_started/full_array_2d/src/mmult.cpp:76
.preheader3:5  %tmp_19 = trunc i17 %x2 to i10

ST_18: tmp_21_cast (75)  [1/1] 0.00ns  loc: /proj/xhdhdstaff2/kalib/sprite_makefile_dev/apps/cpp/getting_started/full_array_2d/src/mmult.cpp:75
.preheader3:6  %tmp_21_cast = call i18 @_ssdm_op_BitConcatenate.i18.i10.i8(i10 %tmp_19, i8 0)

ST_18: tmp_20 (76)  [1/1] 2.01ns  loc: /proj/xhdhdstaff2/kalib/sprite_makefile_dev/apps/cpp/getting_started/full_array_2d/src/mmult.cpp:75
.preheader3:7  %tmp_20 = add i18 %tmp_21_cast, %y3_cast_cast

ST_18: tmp_22_cast (77)  [1/1] 0.00ns  loc: /proj/xhdhdstaff2/kalib/sprite_makefile_dev/apps/cpp/getting_started/full_array_2d/src/mmult.cpp:75
.preheader3:8  %tmp_22_cast = zext i18 %tmp_20 to i32

ST_18: bufb_addr (78)  [1/1] 0.00ns  loc: /proj/xhdhdstaff2/kalib/sprite_makefile_dev/apps/cpp/getting_started/full_array_2d/src/mmult.cpp:75
.preheader3:9  %bufb_addr = getelementptr [65536 x i32]* %bufb, i32 0, i32 %tmp_22_cast

ST_18: i1_cast (79)  [1/1] 0.00ns  loc: /proj/xhdhdstaff2/kalib/sprite_makefile_dev/apps/cpp/getting_started/full_array_2d/src/mmult.cpp:72
.preheader3:10  %i1_cast = zext i31 %i1 to i32

ST_18: tmp_6 (80)  [1/1] 2.67ns  loc: /proj/xhdhdstaff2/kalib/sprite_makefile_dev/apps/cpp/getting_started/full_array_2d/src/mmult.cpp:72
.preheader3:11  %tmp_6 = icmp slt i32 %i1_cast, %matrix_size

ST_18: i_2 (81)  [1/1] 2.34ns  loc: /proj/xhdhdstaff2/kalib/sprite_makefile_dev/apps/cpp/getting_started/full_array_2d/src/mmult.cpp:72
.preheader3:12  %i_2 = add i31 1, %i1

ST_18: StgValue_118 (82)  [1/1] 0.00ns  loc: /proj/xhdhdstaff2/kalib/sprite_makefile_dev/apps/cpp/getting_started/full_array_2d/src/mmult.cpp:72
.preheader3:13  br i1 %tmp_6, label %3, label %.preheader2.preheader

ST_18: tmpData_b (87)  [1/1] 6.13ns  loc: /proj/xhdhdstaff2/kalib/sprite_makefile_dev/apps/cpp/getting_started/full_array_2d/src/mmult.cpp:74
:3  %tmpData_b = call i32 @_ssdm_op_Read.m_axi.i32P(i32* %b_addr)

ST_18: tmp_7 (89)  [1/1] 2.67ns  loc: /proj/xhdhdstaff2/kalib/sprite_makefile_dev/apps/cpp/getting_started/full_array_2d/src/mmult.cpp:76
:5  %tmp_7 = icmp eq i32 %y3_cast, %tmp

ST_18: x_3 (90)  [1/1] 1.98ns  loc: /proj/xhdhdstaff2/kalib/sprite_makefile_dev/apps/cpp/getting_started/full_array_2d/src/mmult.cpp:77
:6  %x_3 = add i17 %x2, 1

ST_18: y_3 (91)  [1/1] 1.98ns  loc: /proj/xhdhdstaff2/kalib/sprite_makefile_dev/apps/cpp/getting_started/full_array_2d/src/mmult.cpp:80
:7  %y_3 = add i17 %y3, 1

ST_18: y_4 (92)  [1/1] 1.68ns  loc: /proj/xhdhdstaff2/kalib/sprite_makefile_dev/apps/cpp/getting_started/full_array_2d/src/mmult.cpp:76
:8  %y_4 = select i1 %tmp_7, i17 0, i17 %y_3

ST_18: x_4 (93)  [1/1] 1.68ns  loc: /proj/xhdhdstaff2/kalib/sprite_makefile_dev/apps/cpp/getting_started/full_array_2d/src/mmult.cpp:76
:9  %x_4 = select i1 %tmp_7, i17 %x_3, i17 %x2

ST_18: StgValue_125 (97)  [1/1] 1.30ns  loc: /proj/xhdhdstaff2/kalib/sprite_makefile_dev/apps/cpp/getting_started/full_array_2d/src/mmult.cpp:86
.preheader2.preheader:0  br label %.preheader2


 <State 19>: 2.77ns
ST_19: StgValue_126 (84)  [1/1] 0.00ns  loc: /proj/xhdhdstaff2/kalib/sprite_makefile_dev/apps/cpp/getting_started/full_array_2d/src/mmult.cpp:72
:0  call void (...)* @_ssdm_op_SpecLoopName([12 x i8]* @p_str7) nounwind

ST_19: tmp_9 (85)  [1/1] 0.00ns  loc: /proj/xhdhdstaff2/kalib/sprite_makefile_dev/apps/cpp/getting_started/full_array_2d/src/mmult.cpp:72
:1  %tmp_9 = call i32 (...)* @_ssdm_op_SpecRegionBegin([12 x i8]* @p_str7) nounwind

ST_19: StgValue_128 (86)  [1/1] 0.00ns  loc: /proj/xhdhdstaff2/kalib/sprite_makefile_dev/apps/cpp/getting_started/full_array_2d/src/mmult.cpp:73
:2  call void (...)* @_ssdm_op_SpecLoopTripCount(i32 1, i32 65536, i32 32768, [1 x i8]* @p_str) nounwind

ST_19: StgValue_129 (88)  [1/1] 2.77ns  loc: /proj/xhdhdstaff2/kalib/sprite_makefile_dev/apps/cpp/getting_started/full_array_2d/src/mmult.cpp:75
:4  store i32 %tmpData_b, i32* %bufb_addr, align 4

ST_19: empty_5 (94)  [1/1] 0.00ns  loc: /proj/xhdhdstaff2/kalib/sprite_makefile_dev/apps/cpp/getting_started/full_array_2d/src/mmult.cpp:82
:10  %empty_5 = call i32 (...)* @_ssdm_op_SpecRegionEnd([12 x i8]* @p_str7, i32 %tmp_9) nounwind

ST_19: StgValue_131 (95)  [1/1] 0.00ns  loc: /proj/xhdhdstaff2/kalib/sprite_makefile_dev/apps/cpp/getting_started/full_array_2d/src/mmult.cpp:72
:11  br label %.preheader3


 <State 20>: 6.13ns
ST_20: row (99)  [1/1] 0.00ns
.preheader2:0  %row = phi i31 [ %row_1, %10 ], [ 0, %.preheader2.preheader ]

ST_20: row_cast (100)  [1/1] 0.00ns  loc: /proj/xhdhdstaff2/kalib/sprite_makefile_dev/apps/cpp/getting_started/full_array_2d/src/mmult.cpp:86
.preheader2:1  %row_cast = zext i31 %row to i32

ST_20: tmp_21 (101)  [1/1] 0.00ns  loc: /proj/xhdhdstaff2/kalib/sprite_makefile_dev/apps/cpp/getting_started/full_array_2d/src/mmult.cpp:86
.preheader2:2  %tmp_21 = trunc i31 %row to i10

ST_20: tmp_24_cast (102)  [1/1] 0.00ns  loc: /proj/xhdhdstaff2/kalib/sprite_makefile_dev/apps/cpp/getting_started/full_array_2d/src/mmult.cpp:86
.preheader2:3  %tmp_24_cast = call i18 @_ssdm_op_BitConcatenate.i18.i10.i8(i10 %tmp_21, i8 0)

ST_20: tmp_s (103)  [1/1] 2.67ns  loc: /proj/xhdhdstaff2/kalib/sprite_makefile_dev/apps/cpp/getting_started/full_array_2d/src/mmult.cpp:86
.preheader2:4  %tmp_s = icmp slt i32 %row_cast, %size_read

ST_20: row_1 (104)  [1/1] 2.34ns  loc: /proj/xhdhdstaff2/kalib/sprite_makefile_dev/apps/cpp/getting_started/full_array_2d/src/mmult.cpp:86
.preheader2:5  %row_1 = add i31 1, %row

ST_20: StgValue_138 (105)  [1/1] 0.00ns  loc: /proj/xhdhdstaff2/kalib/sprite_makefile_dev/apps/cpp/getting_started/full_array_2d/src/mmult.cpp:86
.preheader2:6  br i1 %tmp_s, label %4, label %.preheader.preheader

ST_20: StgValue_139 (107)  [1/1] 0.00ns  loc: /proj/xhdhdstaff2/kalib/sprite_makefile_dev/apps/cpp/getting_started/full_array_2d/src/mmult.cpp:86
:0  call void (...)* @_ssdm_op_SpecLoopName([12 x i8]* @p_str8) nounwind

ST_20: tmp_10 (108)  [1/1] 0.00ns  loc: /proj/xhdhdstaff2/kalib/sprite_makefile_dev/apps/cpp/getting_started/full_array_2d/src/mmult.cpp:86
:1  %tmp_10 = call i32 (...)* @_ssdm_op_SpecRegionBegin([12 x i8]* @p_str8) nounwind

ST_20: StgValue_141 (109)  [1/1] 0.00ns  loc: /proj/xhdhdstaff2/kalib/sprite_makefile_dev/apps/cpp/getting_started/full_array_2d/src/mmult.cpp:87
:2  call void (...)* @_ssdm_op_SpecLoopTripCount(i32 1, i32 256, i32 128, [1 x i8]* @p_str) nounwind

ST_20: StgValue_142 (110)  [1/1] 1.30ns  loc: /proj/xhdhdstaff2/kalib/sprite_makefile_dev/apps/cpp/getting_started/full_array_2d/src/mmult.cpp:88
:3  br label %5

ST_20: c_addr_1_wr_req (158)  [1/1] 6.13ns  loc: /proj/xhdhdstaff2/kalib/sprite_makefile_dev/apps/cpp/getting_started/full_array_2d/src/mmult.cpp:105
.preheader.preheader:0  %c_addr_1_wr_req = call i1 @_ssdm_op_WriteReq.m_axi.i32P(i32* %c_addr, i32 %matrix_size)

ST_20: StgValue_144 (159)  [1/1] 1.30ns
.preheader.preheader:1  br label %.preheader


 <State 21>: 4.35ns
ST_21: col (112)  [1/1] 0.00ns
:0  %col = phi i17 [ 0, %4 ], [ %col_1, %9 ]

ST_21: col_cast (113)  [1/1] 0.00ns  loc: /proj/xhdhdstaff2/kalib/sprite_makefile_dev/apps/cpp/getting_started/full_array_2d/src/mmult.cpp:88
:1  %col_cast = zext i17 %col to i32

ST_21: col_cast_cast (114)  [1/1] 0.00ns  loc: /proj/xhdhdstaff2/kalib/sprite_makefile_dev/apps/cpp/getting_started/full_array_2d/src/mmult.cpp:96
:2  %col_cast_cast = zext i17 %col to i18

ST_21: tmp_22 (115)  [1/1] 2.01ns  loc: /proj/xhdhdstaff2/kalib/sprite_makefile_dev/apps/cpp/getting_started/full_array_2d/src/mmult.cpp:96
:3  %tmp_22 = add i18 %tmp_24_cast, %col_cast_cast

ST_21: tmp_25_cast (116)  [1/1] 0.00ns  loc: /proj/xhdhdstaff2/kalib/sprite_makefile_dev/apps/cpp/getting_started/full_array_2d/src/mmult.cpp:96
:4  %tmp_25_cast = zext i18 %tmp_22 to i32

ST_21: bufc_addr_1 (117)  [1/1] 0.00ns  loc: /proj/xhdhdstaff2/kalib/sprite_makefile_dev/apps/cpp/getting_started/full_array_2d/src/mmult.cpp:96
:5  %bufc_addr_1 = getelementptr [65536 x i32]* %bufc, i32 0, i32 %tmp_25_cast

ST_21: exitcond1 (118)  [1/1] 2.67ns  loc: /proj/xhdhdstaff2/kalib/sprite_makefile_dev/apps/cpp/getting_started/full_array_2d/src/mmult.cpp:88
:6  %exitcond1 = icmp eq i32 %col_cast, %size_read

ST_21: col_1 (119)  [1/1] 1.98ns  loc: /proj/xhdhdstaff2/kalib/sprite_makefile_dev/apps/cpp/getting_started/full_array_2d/src/mmult.cpp:88
:7  %col_1 = add i17 %col, 1

ST_21: StgValue_153 (120)  [1/1] 0.00ns  loc: /proj/xhdhdstaff2/kalib/sprite_makefile_dev/apps/cpp/getting_started/full_array_2d/src/mmult.cpp:88
:8  br i1 %exitcond1, label %10, label %6

ST_21: tmp_12 (122)  [1/1] 0.00ns  loc: /proj/xhdhdstaff2/kalib/sprite_makefile_dev/apps/cpp/getting_started/full_array_2d/src/mmult.cpp:88
:0  %tmp_12 = call i32 (...)* @_ssdm_op_SpecRegionBegin([12 x i8]* @p_str9) nounwind

ST_21: StgValue_155 (123)  [1/1] 0.00ns  loc: /proj/xhdhdstaff2/kalib/sprite_makefile_dev/apps/cpp/getting_started/full_array_2d/src/mmult.cpp:89
:1  call void (...)* @_ssdm_op_SpecLoopTripCount(i32 1, i32 256, i32 128, [1 x i8]* @p_str) nounwind

ST_21: StgValue_156 (124)  [1/1] 1.30ns  loc: /proj/xhdhdstaff2/kalib/sprite_makefile_dev/apps/cpp/getting_started/full_array_2d/src/mmult.cpp:91
:2  br label %7

ST_21: empty_8 (155)  [1/1] 0.00ns  loc: /proj/xhdhdstaff2/kalib/sprite_makefile_dev/apps/cpp/getting_started/full_array_2d/src/mmult.cpp:98
:0  %empty_8 = call i32 (...)* @_ssdm_op_SpecRegionEnd([12 x i8]* @p_str8, i32 %tmp_10) nounwind

ST_21: StgValue_158 (156)  [1/1] 0.00ns  loc: /proj/xhdhdstaff2/kalib/sprite_makefile_dev/apps/cpp/getting_started/full_array_2d/src/mmult.cpp:86
:1  br label %.preheader2


 <State 22>: 4.78ns
ST_22: result (126)  [1/1] 0.00ns
:0  %result = phi i32 [ 0, %6 ], [ %result_1, %8 ]

ST_22: k (127)  [1/1] 0.00ns
:1  %k = phi i32 [ 0, %6 ], [ %k_1, %8 ]

ST_22: tmp_26 (128)  [1/1] 0.00ns  loc: /proj/xhdhdstaff2/kalib/sprite_makefile_dev/apps/cpp/getting_started/full_array_2d/src/mmult.cpp:94
:2  %tmp_26 = trunc i32 %k to i18

ST_22: tmp_27 (129)  [1/1] 2.01ns  loc: /proj/xhdhdstaff2/kalib/sprite_makefile_dev/apps/cpp/getting_started/full_array_2d/src/mmult.cpp:94
:3  %tmp_27 = add i18 %tmp_26, %tmp_24_cast

ST_22: tmp_29_cast (130)  [1/1] 0.00ns  loc: /proj/xhdhdstaff2/kalib/sprite_makefile_dev/apps/cpp/getting_started/full_array_2d/src/mmult.cpp:94
:4  %tmp_29_cast = zext i18 %tmp_27 to i32

ST_22: bufa_addr_1 (131)  [1/1] 0.00ns  loc: /proj/xhdhdstaff2/kalib/sprite_makefile_dev/apps/cpp/getting_started/full_array_2d/src/mmult.cpp:94
:5  %bufa_addr_1 = getelementptr [65536 x i32]* %bufa, i32 0, i32 %tmp_29_cast

ST_22: tmp_28 (132)  [1/1] 0.00ns  loc: /proj/xhdhdstaff2/kalib/sprite_makefile_dev/apps/cpp/getting_started/full_array_2d/src/mmult.cpp:91
:6  %tmp_28 = trunc i32 %k to i10

ST_22: tmp_31_cast (133)  [1/1] 0.00ns  loc: /proj/xhdhdstaff2/kalib/sprite_makefile_dev/apps/cpp/getting_started/full_array_2d/src/mmult.cpp:94
:7  %tmp_31_cast = call i18 @_ssdm_op_BitConcatenate.i18.i10.i8(i10 %tmp_28, i8 0)

ST_22: tmp_29 (134)  [1/1] 2.01ns  loc: /proj/xhdhdstaff2/kalib/sprite_makefile_dev/apps/cpp/getting_started/full_array_2d/src/mmult.cpp:94
:8  %tmp_29 = add i18 %col_cast_cast, %tmp_31_cast

ST_22: tmp_32_cast (135)  [1/1] 0.00ns  loc: /proj/xhdhdstaff2/kalib/sprite_makefile_dev/apps/cpp/getting_started/full_array_2d/src/mmult.cpp:94
:9  %tmp_32_cast = zext i18 %tmp_29 to i32

ST_22: bufb_addr_1 (136)  [1/1] 0.00ns  loc: /proj/xhdhdstaff2/kalib/sprite_makefile_dev/apps/cpp/getting_started/full_array_2d/src/mmult.cpp:94
:10  %bufb_addr_1 = getelementptr [65536 x i32]* %bufb, i32 0, i32 %tmp_32_cast

ST_22: exitcond (137)  [1/1] 2.67ns  loc: /proj/xhdhdstaff2/kalib/sprite_makefile_dev/apps/cpp/getting_started/full_array_2d/src/mmult.cpp:91
:11  %exitcond = icmp eq i32 %k, %size_read

ST_22: k_1 (138)  [1/1] 2.37ns  loc: /proj/xhdhdstaff2/kalib/sprite_makefile_dev/apps/cpp/getting_started/full_array_2d/src/mmult.cpp:91
:12  %k_1 = add nsw i32 1, %k

ST_22: StgValue_172 (139)  [1/1] 0.00ns  loc: /proj/xhdhdstaff2/kalib/sprite_makefile_dev/apps/cpp/getting_started/full_array_2d/src/mmult.cpp:91
:13  br i1 %exitcond, label %9, label %8

ST_22: bufa_load (144)  [2/2] 2.77ns  loc: /proj/xhdhdstaff2/kalib/sprite_makefile_dev/apps/cpp/getting_started/full_array_2d/src/mmult.cpp:94
:3  %bufa_load = load i32* %bufa_addr_1, align 4

ST_22: bufb_load (145)  [2/2] 2.77ns  loc: /proj/xhdhdstaff2/kalib/sprite_makefile_dev/apps/cpp/getting_started/full_array_2d/src/mmult.cpp:94
:4  %bufb_load = load i32* %bufb_addr_1, align 4


 <State 23>: 2.77ns
ST_23: bufa_load (144)  [1/2] 2.77ns  loc: /proj/xhdhdstaff2/kalib/sprite_makefile_dev/apps/cpp/getting_started/full_array_2d/src/mmult.cpp:94
:3  %bufa_load = load i32* %bufa_addr_1, align 4

ST_23: bufb_load (145)  [1/2] 2.77ns  loc: /proj/xhdhdstaff2/kalib/sprite_makefile_dev/apps/cpp/getting_started/full_array_2d/src/mmult.cpp:94
:4  %bufb_load = load i32* %bufb_addr_1, align 4


 <State 24>: 5.79ns
ST_24: tmp_5 (146)  [2/2] 5.79ns  loc: /proj/xhdhdstaff2/kalib/sprite_makefile_dev/apps/cpp/getting_started/full_array_2d/src/mmult.cpp:94
:5  %tmp_5 = mul nsw i32 %bufb_load, %bufa_load


 <State 25>: 5.79ns
ST_25: tmp_5 (146)  [1/2] 5.79ns  loc: /proj/xhdhdstaff2/kalib/sprite_makefile_dev/apps/cpp/getting_started/full_array_2d/src/mmult.cpp:94
:5  %tmp_5 = mul nsw i32 %bufb_load, %bufa_load


 <State 26>: 2.37ns
ST_26: tmp_13 (141)  [1/1] 0.00ns  loc: /proj/xhdhdstaff2/kalib/sprite_makefile_dev/apps/cpp/getting_started/full_array_2d/src/mmult.cpp:91
:0  %tmp_13 = call i32 (...)* @_ssdm_op_SpecRegionBegin([12 x i8]* @p_str10) nounwind

ST_26: StgValue_180 (142)  [1/1] 0.00ns  loc: /proj/xhdhdstaff2/kalib/sprite_makefile_dev/apps/cpp/getting_started/full_array_2d/src/mmult.cpp:92
:1  call void (...)* @_ssdm_op_SpecLoopTripCount(i32 1, i32 256, i32 128, [1 x i8]* @p_str) nounwind

ST_26: StgValue_181 (143)  [1/1] 0.00ns  loc: /proj/xhdhdstaff2/kalib/sprite_makefile_dev/apps/cpp/getting_started/full_array_2d/src/mmult.cpp:93
:2  call void (...)* @_ssdm_op_SpecPipeline(i32 -1, i32 1, i32 1, i32 0, [1 x i8]* @p_str) nounwind

ST_26: result_1 (147)  [1/1] 2.37ns  loc: /proj/xhdhdstaff2/kalib/sprite_makefile_dev/apps/cpp/getting_started/full_array_2d/src/mmult.cpp:94
:6  %result_1 = add nsw i32 %tmp_5, %result

ST_26: empty_6 (148)  [1/1] 0.00ns  loc: /proj/xhdhdstaff2/kalib/sprite_makefile_dev/apps/cpp/getting_started/full_array_2d/src/mmult.cpp:95
:7  %empty_6 = call i32 (...)* @_ssdm_op_SpecRegionEnd([12 x i8]* @p_str10, i32 %tmp_13) nounwind

ST_26: StgValue_184 (149)  [1/1] 0.00ns  loc: /proj/xhdhdstaff2/kalib/sprite_makefile_dev/apps/cpp/getting_started/full_array_2d/src/mmult.cpp:91
:8  br label %7


 <State 27>: 2.77ns
ST_27: StgValue_185 (151)  [1/1] 2.77ns  loc: /proj/xhdhdstaff2/kalib/sprite_makefile_dev/apps/cpp/getting_started/full_array_2d/src/mmult.cpp:96
:0  store i32 %result, i32* %bufc_addr_1, align 4

ST_27: empty_7 (152)  [1/1] 0.00ns  loc: /proj/xhdhdstaff2/kalib/sprite_makefile_dev/apps/cpp/getting_started/full_array_2d/src/mmult.cpp:97
:1  %empty_7 = call i32 (...)* @_ssdm_op_SpecRegionEnd([12 x i8]* @p_str9, i32 %tmp_12) nounwind

ST_27: StgValue_187 (153)  [1/1] 0.00ns  loc: /proj/xhdhdstaff2/kalib/sprite_makefile_dev/apps/cpp/getting_started/full_array_2d/src/mmult.cpp:88
:2  br label %5


 <State 28>: 6.13ns
ST_28: m (161)  [1/1] 0.00ns
.preheader:0  %m = phi i32 [ %m_1, %11 ], [ 0, %.preheader.preheader ]

ST_28: n (162)  [1/1] 0.00ns
.preheader:1  %n = phi i32 [ %n_1, %11 ], [ 0, %.preheader.preheader ]

ST_28: i4 (163)  [1/1] 0.00ns
.preheader:2  %i4 = phi i31 [ %i_3, %11 ], [ 0, %.preheader.preheader ]

ST_28: tmp_23 (164)  [1/1] 0.00ns  loc: /proj/xhdhdstaff2/kalib/sprite_makefile_dev/apps/cpp/getting_started/full_array_2d/src/mmult.cpp:106
.preheader:3  %tmp_23 = trunc i32 %n to i18

ST_28: tmp_24 (165)  [1/1] 0.00ns  loc: /proj/xhdhdstaff2/kalib/sprite_makefile_dev/apps/cpp/getting_started/full_array_2d/src/mmult.cpp:106
.preheader:4  %tmp_24 = trunc i32 %m to i10

ST_28: tmp_27_cast (166)  [1/1] 0.00ns  loc: /proj/xhdhdstaff2/kalib/sprite_makefile_dev/apps/cpp/getting_started/full_array_2d/src/mmult.cpp:104
.preheader:5  %tmp_27_cast = call i18 @_ssdm_op_BitConcatenate.i18.i10.i8(i10 %tmp_24, i8 0)

ST_28: tmp_25 (167)  [1/1] 2.01ns  loc: /proj/xhdhdstaff2/kalib/sprite_makefile_dev/apps/cpp/getting_started/full_array_2d/src/mmult.cpp:104
.preheader:6  %tmp_25 = add i18 %tmp_23, %tmp_27_cast

ST_28: tmp_28_cast (168)  [1/1] 0.00ns  loc: /proj/xhdhdstaff2/kalib/sprite_makefile_dev/apps/cpp/getting_started/full_array_2d/src/mmult.cpp:104
.preheader:7  %tmp_28_cast = zext i18 %tmp_25 to i32

ST_28: bufc_addr (169)  [1/1] 0.00ns  loc: /proj/xhdhdstaff2/kalib/sprite_makefile_dev/apps/cpp/getting_started/full_array_2d/src/mmult.cpp:104
.preheader:8  %bufc_addr = getelementptr [65536 x i32]* %bufc, i32 0, i32 %tmp_28_cast

ST_28: i4_cast (170)  [1/1] 0.00ns  loc: /proj/xhdhdstaff2/kalib/sprite_makefile_dev/apps/cpp/getting_started/full_array_2d/src/mmult.cpp:102
.preheader:9  %i4_cast = zext i31 %i4 to i32

ST_28: tmp_3 (171)  [1/1] 2.67ns  loc: /proj/xhdhdstaff2/kalib/sprite_makefile_dev/apps/cpp/getting_started/full_array_2d/src/mmult.cpp:102
.preheader:10  %tmp_3 = icmp slt i32 %i4_cast, %matrix_size

ST_28: i_3 (172)  [1/1] 2.34ns  loc: /proj/xhdhdstaff2/kalib/sprite_makefile_dev/apps/cpp/getting_started/full_array_2d/src/mmult.cpp:102
.preheader:11  %i_3 = add i31 1, %i4

ST_28: StgValue_200 (173)  [1/1] 0.00ns  loc: /proj/xhdhdstaff2/kalib/sprite_makefile_dev/apps/cpp/getting_started/full_array_2d/src/mmult.cpp:102
.preheader:12  br i1 %tmp_3, label %11, label %12

ST_28: tmpData_c (178)  [2/2] 2.77ns  loc: /proj/xhdhdstaff2/kalib/sprite_makefile_dev/apps/cpp/getting_started/full_array_2d/src/mmult.cpp:104
:3  %tmpData_c = load i32* %bufc_addr, align 4

ST_28: tmp_4 (180)  [1/1] 2.67ns  loc: /proj/xhdhdstaff2/kalib/sprite_makefile_dev/apps/cpp/getting_started/full_array_2d/src/mmult.cpp:106
:5  %tmp_4 = icmp eq i32 %n, %tmp

ST_28: m_2 (181)  [1/1] 2.37ns  loc: /proj/xhdhdstaff2/kalib/sprite_makefile_dev/apps/cpp/getting_started/full_array_2d/src/mmult.cpp:107
:6  %m_2 = add nsw i32 %m, 1

ST_28: n_2 (182)  [1/1] 2.37ns  loc: /proj/xhdhdstaff2/kalib/sprite_makefile_dev/apps/cpp/getting_started/full_array_2d/src/mmult.cpp:110
:7  %n_2 = add nsw i32 %n, 1

ST_28: m_1 (183)  [1/1] 1.68ns  loc: /proj/xhdhdstaff2/kalib/sprite_makefile_dev/apps/cpp/getting_started/full_array_2d/src/mmult.cpp:106
:8  %m_1 = select i1 %tmp_4, i32 %m_2, i32 %m

ST_28: n_1 (184)  [1/1] 1.68ns  loc: /proj/xhdhdstaff2/kalib/sprite_makefile_dev/apps/cpp/getting_started/full_array_2d/src/mmult.cpp:106
:9  %n_1 = select i1 %tmp_4, i32 0, i32 %n_2

ST_28: c_addr_1_wr_resp (188)  [5/5] 6.13ns  loc: /proj/xhdhdstaff2/kalib/sprite_makefile_dev/apps/cpp/getting_started/full_array_2d/src/mmult.cpp:105
:0  %c_addr_1_wr_resp = call i1 @_ssdm_op_WriteResp.m_axi.i32P(i32* %c_addr)


 <State 29>: 2.77ns
ST_29: tmpData_c (178)  [1/2] 2.77ns  loc: /proj/xhdhdstaff2/kalib/sprite_makefile_dev/apps/cpp/getting_started/full_array_2d/src/mmult.cpp:104
:3  %tmpData_c = load i32* %bufc_addr, align 4


 <State 30>: 6.13ns
ST_30: StgValue_209 (175)  [1/1] 0.00ns  loc: /proj/xhdhdstaff2/kalib/sprite_makefile_dev/apps/cpp/getting_started/full_array_2d/src/mmult.cpp:102
:0  call void (...)* @_ssdm_op_SpecLoopName([11 x i8]* @p_str11) nounwind

ST_30: tmp_11 (176)  [1/1] 0.00ns  loc: /proj/xhdhdstaff2/kalib/sprite_makefile_dev/apps/cpp/getting_started/full_array_2d/src/mmult.cpp:102
:1  %tmp_11 = call i32 (...)* @_ssdm_op_SpecRegionBegin([11 x i8]* @p_str11) nounwind

ST_30: StgValue_211 (177)  [1/1] 0.00ns  loc: /proj/xhdhdstaff2/kalib/sprite_makefile_dev/apps/cpp/getting_started/full_array_2d/src/mmult.cpp:103
:2  call void (...)* @_ssdm_op_SpecLoopTripCount(i32 1, i32 65536, i32 32768, [1 x i8]* @p_str) nounwind

ST_30: StgValue_212 (179)  [1/1] 6.13ns  loc: /proj/xhdhdstaff2/kalib/sprite_makefile_dev/apps/cpp/getting_started/full_array_2d/src/mmult.cpp:105
:4  call void @_ssdm_op_Write.m_axi.i32P(i32* %c_addr, i32 %tmpData_c, i4 -1)

ST_30: empty_9 (185)  [1/1] 0.00ns  loc: /proj/xhdhdstaff2/kalib/sprite_makefile_dev/apps/cpp/getting_started/full_array_2d/src/mmult.cpp:112
:10  %empty_9 = call i32 (...)* @_ssdm_op_SpecRegionEnd([11 x i8]* @p_str11, i32 %tmp_11) nounwind

ST_30: StgValue_214 (186)  [1/1] 0.00ns  loc: /proj/xhdhdstaff2/kalib/sprite_makefile_dev/apps/cpp/getting_started/full_array_2d/src/mmult.cpp:102
:11  br label %.preheader


 <State 31>: 6.13ns
ST_31: c_addr_1_wr_resp (188)  [4/5] 6.13ns  loc: /proj/xhdhdstaff2/kalib/sprite_makefile_dev/apps/cpp/getting_started/full_array_2d/src/mmult.cpp:105
:0  %c_addr_1_wr_resp = call i1 @_ssdm_op_WriteResp.m_axi.i32P(i32* %c_addr)


 <State 32>: 6.13ns
ST_32: c_addr_1_wr_resp (188)  [3/5] 6.13ns  loc: /proj/xhdhdstaff2/kalib/sprite_makefile_dev/apps/cpp/getting_started/full_array_2d/src/mmult.cpp:105
:0  %c_addr_1_wr_resp = call i1 @_ssdm_op_WriteResp.m_axi.i32P(i32* %c_addr)


 <State 33>: 6.13ns
ST_33: c_addr_1_wr_resp (188)  [2/5] 6.13ns  loc: /proj/xhdhdstaff2/kalib/sprite_makefile_dev/apps/cpp/getting_started/full_array_2d/src/mmult.cpp:105
:0  %c_addr_1_wr_resp = call i1 @_ssdm_op_WriteResp.m_axi.i32P(i32* %c_addr)


 <State 34>: 6.13ns
ST_34: c_addr_1_wr_resp (188)  [1/5] 6.13ns  loc: /proj/xhdhdstaff2/kalib/sprite_makefile_dev/apps/cpp/getting_started/full_array_2d/src/mmult.cpp:105
:0  %c_addr_1_wr_resp = call i1 @_ssdm_op_WriteResp.m_axi.i32P(i32* %c_addr)

ST_34: StgValue_219 (189)  [1/1] 0.00ns  loc: /proj/xhdhdstaff2/kalib/sprite_makefile_dev/apps/cpp/getting_started/full_array_2d/src/mmult.cpp:113
:1  ret void



============================================================
+ Verbose Summary: Timing violations
============================================================
Target clock period: 7ns, clock uncertainty: 0.875ns.

 <State 1>: 5.79ns
The critical path consists of the following:
	wire read on port 'size' [8]  (0 ns)
	'mul' operation ('matrix_size', /proj/xhdhdstaff2/kalib/sprite_makefile_dev/apps/cpp/getting_started/full_array_2d/src/mmult.cpp:54) [33]  (5.79 ns)

 <State 2>: 5.79ns
The critical path consists of the following:
	'mul' operation ('matrix_size', /proj/xhdhdstaff2/kalib/sprite_makefile_dev/apps/cpp/getting_started/full_array_2d/src/mmult.cpp:54) [33]  (5.79 ns)

 <State 3>: 6.13ns
The critical path consists of the following:
	wire read on port 'a_offset' [11]  (0 ns)
	'getelementptr' operation ('a_addr') [20]  (0 ns)
	bus request on port 'a' (/proj/xhdhdstaff2/kalib/sprite_makefile_dev/apps/cpp/getting_started/full_array_2d/src/mmult.cpp:60) [35]  (6.13 ns)

 <State 4>: 6.13ns
The critical path consists of the following:
	bus request on port 'a' (/proj/xhdhdstaff2/kalib/sprite_makefile_dev/apps/cpp/getting_started/full_array_2d/src/mmult.cpp:60) [35]  (6.13 ns)

 <State 5>: 6.13ns
The critical path consists of the following:
	bus request on port 'a' (/proj/xhdhdstaff2/kalib/sprite_makefile_dev/apps/cpp/getting_started/full_array_2d/src/mmult.cpp:60) [35]  (6.13 ns)

 <State 6>: 6.13ns
The critical path consists of the following:
	bus request on port 'a' (/proj/xhdhdstaff2/kalib/sprite_makefile_dev/apps/cpp/getting_started/full_array_2d/src/mmult.cpp:60) [35]  (6.13 ns)

 <State 7>: 6.13ns
The critical path consists of the following:
	bus request on port 'a' (/proj/xhdhdstaff2/kalib/sprite_makefile_dev/apps/cpp/getting_started/full_array_2d/src/mmult.cpp:60) [35]  (6.13 ns)

 <State 8>: 6.13ns
The critical path consists of the following:
	bus request on port 'a' (/proj/xhdhdstaff2/kalib/sprite_makefile_dev/apps/cpp/getting_started/full_array_2d/src/mmult.cpp:60) [35]  (6.13 ns)

 <State 9>: 6.13ns
The critical path consists of the following:
	bus request on port 'a' (/proj/xhdhdstaff2/kalib/sprite_makefile_dev/apps/cpp/getting_started/full_array_2d/src/mmult.cpp:60) [35]  (6.13 ns)

 <State 10>: 6.13ns
The critical path consists of the following:
	bus read on port 'a' (/proj/xhdhdstaff2/kalib/sprite_makefile_dev/apps/cpp/getting_started/full_array_2d/src/mmult.cpp:60) [56]  (6.13 ns)

 <State 11>: 2.77ns
The critical path consists of the following:
	'store' operation (/proj/xhdhdstaff2/kalib/sprite_makefile_dev/apps/cpp/getting_started/full_array_2d/src/mmult.cpp:61) of variable 'tmpData_a', /proj/xhdhdstaff2/kalib/sprite_makefile_dev/apps/cpp/getting_started/full_array_2d/src/mmult.cpp:60 on array 'bufa', /proj/xhdhdstaff2/kalib/sprite_makefile_dev/apps/cpp/getting_started/full_array_2d/src/mmult.cpp:53 [57]  (2.77 ns)

 <State 12>: 6.13ns
The critical path consists of the following:
	bus request on port 'b' (/proj/xhdhdstaff2/kalib/sprite_makefile_dev/apps/cpp/getting_started/full_array_2d/src/mmult.cpp:74) [66]  (6.13 ns)

 <State 13>: 6.13ns
The critical path consists of the following:
	bus request on port 'b' (/proj/xhdhdstaff2/kalib/sprite_makefile_dev/apps/cpp/getting_started/full_array_2d/src/mmult.cpp:74) [66]  (6.13 ns)

 <State 14>: 6.13ns
The critical path consists of the following:
	bus request on port 'b' (/proj/xhdhdstaff2/kalib/sprite_makefile_dev/apps/cpp/getting_started/full_array_2d/src/mmult.cpp:74) [66]  (6.13 ns)

 <State 15>: 6.13ns
The critical path consists of the following:
	bus request on port 'b' (/proj/xhdhdstaff2/kalib/sprite_makefile_dev/apps/cpp/getting_started/full_array_2d/src/mmult.cpp:74) [66]  (6.13 ns)

 <State 16>: 6.13ns
The critical path consists of the following:
	bus request on port 'b' (/proj/xhdhdstaff2/kalib/sprite_makefile_dev/apps/cpp/getting_started/full_array_2d/src/mmult.cpp:74) [66]  (6.13 ns)

 <State 17>: 6.13ns
The critical path consists of the following:
	bus request on port 'b' (/proj/xhdhdstaff2/kalib/sprite_makefile_dev/apps/cpp/getting_started/full_array_2d/src/mmult.cpp:74) [66]  (6.13 ns)

 <State 18>: 6.13ns
The critical path consists of the following:
	bus read on port 'b' (/proj/xhdhdstaff2/kalib/sprite_makefile_dev/apps/cpp/getting_started/full_array_2d/src/mmult.cpp:74) [87]  (6.13 ns)

 <State 19>: 2.77ns
The critical path consists of the following:
	'store' operation (/proj/xhdhdstaff2/kalib/sprite_makefile_dev/apps/cpp/getting_started/full_array_2d/src/mmult.cpp:75) of variable 'tmpData_b', /proj/xhdhdstaff2/kalib/sprite_makefile_dev/apps/cpp/getting_started/full_array_2d/src/mmult.cpp:74 on array 'bufb', /proj/xhdhdstaff2/kalib/sprite_makefile_dev/apps/cpp/getting_started/full_array_2d/src/mmult.cpp:53 [88]  (2.77 ns)

 <State 20>: 6.13ns
The critical path consists of the following:
	bus request on port 'c' (/proj/xhdhdstaff2/kalib/sprite_makefile_dev/apps/cpp/getting_started/full_array_2d/src/mmult.cpp:105) [158]  (6.13 ns)

 <State 21>: 4.35ns
The critical path consists of the following:
	'icmp' operation ('exitcond1', /proj/xhdhdstaff2/kalib/sprite_makefile_dev/apps/cpp/getting_started/full_array_2d/src/mmult.cpp:88) [118]  (2.67 ns)
	blocking operation 1.68 ns on control path)

 <State 22>: 4.78ns
The critical path consists of the following:
	'phi' operation ('k') with incoming values : ('k', /proj/xhdhdstaff2/kalib/sprite_makefile_dev/apps/cpp/getting_started/full_array_2d/src/mmult.cpp:91) [127]  (0 ns)
	'add' operation ('tmp_27', /proj/xhdhdstaff2/kalib/sprite_makefile_dev/apps/cpp/getting_started/full_array_2d/src/mmult.cpp:94) [129]  (2.01 ns)
	'getelementptr' operation ('bufa_addr_1', /proj/xhdhdstaff2/kalib/sprite_makefile_dev/apps/cpp/getting_started/full_array_2d/src/mmult.cpp:94) [131]  (0 ns)
	'load' operation ('bufa_load', /proj/xhdhdstaff2/kalib/sprite_makefile_dev/apps/cpp/getting_started/full_array_2d/src/mmult.cpp:94) on array 'bufa', /proj/xhdhdstaff2/kalib/sprite_makefile_dev/apps/cpp/getting_started/full_array_2d/src/mmult.cpp:53 [144]  (2.77 ns)

 <State 23>: 2.77ns
The critical path consists of the following:
	'load' operation ('bufa_load', /proj/xhdhdstaff2/kalib/sprite_makefile_dev/apps/cpp/getting_started/full_array_2d/src/mmult.cpp:94) on array 'bufa', /proj/xhdhdstaff2/kalib/sprite_makefile_dev/apps/cpp/getting_started/full_array_2d/src/mmult.cpp:53 [144]  (2.77 ns)

 <State 24>: 5.79ns
The critical path consists of the following:
	'mul' operation ('tmp_5', /proj/xhdhdstaff2/kalib/sprite_makefile_dev/apps/cpp/getting_started/full_array_2d/src/mmult.cpp:94) [146]  (5.79 ns)

 <State 25>: 5.79ns
The critical path consists of the following:
	'mul' operation ('tmp_5', /proj/xhdhdstaff2/kalib/sprite_makefile_dev/apps/cpp/getting_started/full_array_2d/src/mmult.cpp:94) [146]  (5.79 ns)

 <State 26>: 2.37ns
The critical path consists of the following:
	'add' operation ('result', /proj/xhdhdstaff2/kalib/sprite_makefile_dev/apps/cpp/getting_started/full_array_2d/src/mmult.cpp:94) [147]  (2.37 ns)

 <State 27>: 2.77ns
The critical path consists of the following:
	'store' operation (/proj/xhdhdstaff2/kalib/sprite_makefile_dev/apps/cpp/getting_started/full_array_2d/src/mmult.cpp:96) of variable 'result' on array 'bufc', /proj/xhdhdstaff2/kalib/sprite_makefile_dev/apps/cpp/getting_started/full_array_2d/src/mmult.cpp:53 [151]  (2.77 ns)

 <State 28>: 6.13ns
The critical path consists of the following:
	bus access on port 'c' (/proj/xhdhdstaff2/kalib/sprite_makefile_dev/apps/cpp/getting_started/full_array_2d/src/mmult.cpp:105) [188]  (6.13 ns)

 <State 29>: 2.77ns
The critical path consists of the following:
	'load' operation ('tmpData_c', /proj/xhdhdstaff2/kalib/sprite_makefile_dev/apps/cpp/getting_started/full_array_2d/src/mmult.cpp:104) on array 'bufc', /proj/xhdhdstaff2/kalib/sprite_makefile_dev/apps/cpp/getting_started/full_array_2d/src/mmult.cpp:53 [178]  (2.77 ns)

 <State 30>: 6.13ns
The critical path consists of the following:
	bus write on port 'c' (/proj/xhdhdstaff2/kalib/sprite_makefile_dev/apps/cpp/getting_started/full_array_2d/src/mmult.cpp:105) [179]  (6.13 ns)

 <State 31>: 6.13ns
The critical path consists of the following:
	bus access on port 'c' (/proj/xhdhdstaff2/kalib/sprite_makefile_dev/apps/cpp/getting_started/full_array_2d/src/mmult.cpp:105) [188]  (6.13 ns)

 <State 32>: 6.13ns
The critical path consists of the following:
	bus access on port 'c' (/proj/xhdhdstaff2/kalib/sprite_makefile_dev/apps/cpp/getting_started/full_array_2d/src/mmult.cpp:105) [188]  (6.13 ns)

 <State 33>: 6.13ns
The critical path consists of the following:
	bus access on port 'c' (/proj/xhdhdstaff2/kalib/sprite_makefile_dev/apps/cpp/getting_started/full_array_2d/src/mmult.cpp:105) [188]  (6.13 ns)

 <State 34>: 6.13ns
The critical path consists of the following:
	bus access on port 'c' (/proj/xhdhdstaff2/kalib/sprite_makefile_dev/apps/cpp/getting_started/full_array_2d/src/mmult.cpp:105) [188]  (6.13 ns)


============================================================
+ Verbose Summary: Binding
============================================================
N/A
* FSMD analyzer results:
  - Output states:
 - Input state : 
  - Chain level:
	State 1
	State 2
	State 3
	State 4
	State 5
	State 6
	State 7
	State 8
	State 9
	State 10
	State 11
	State 12
	State 13
	State 14
	State 15
	State 16
	State 17
	State 18
	State 19
	State 20
	State 21
	State 22
	State 23
	State 24
	State 25
	State 26
	State 27
	State 28
	State 29
	State 30
	State 31
	State 32
	State 33
	State 34


============================================================
+ Verbose Summary: Datapath Resource usage 
============================================================
N/A
