(c) Copyright 2012-2017 Xilinx, Inc. All Rights Reserved.
#-----------------------------------------------------------
# Tool version  : sds++ 2017.1 SW Build 1849166 on Apr 18 2017 18:44:15
# Start time    : Fri Apr 21 15:19:03 IST 2017
# Command line  : sds++ -sds-pf zc706 -target-os linux -o mmult_accel.elf /proj/xhdhdstaff2/kalib/sprite_makefile_dev/apps/cpp/getting_started/full_array_2d/emu/main.o /proj/xhdhdstaff2/kalib/sprite_makefile_dev/apps/cpp/getting_started/full_array_2d/emu/mmult.o -mno-bitstream -mno-boot-files -emulation optimized
# Log file      : /proj/xhdhdstaff2/kalib/sprite_makefile_dev/apps/cpp/getting_started/full_array_2d/emu/_sds/reports/sds.log
# Journal file  : /proj/xhdhdstaff2/kalib/sprite_makefile_dev/apps/cpp/getting_started/full_array_2d/emu/_sds/reports/sds.jou
# Report file   : /proj/xhdhdstaff2/kalib/sprite_makefile_dev/apps/cpp/getting_started/full_array_2d/emu/_sds/reports/sds.rpt
#-----------------------------------------------------------

Libraries: 
Library Paths {}
INFO: [SDSoC 0-0] Analyzing object files
arm-linux-gnueabihf-objcopy -O binary --set-section-flags .xdinfo=alloc --only-section=.xdinfo /proj/xhdhdstaff2/kalib/sprite_makefile_dev/apps/cpp/getting_started/full_array_2d/emu/main.o /proj/xhdhdstaff2/kalib/sprite_makefile_dev/apps/cpp/getting_started/full_array_2d/emu/_sds/.data/xdinfo.xml
arm-linux-gnueabihf-objcopy -O binary --set-section-flags .xddata=alloc --only-section=.xddata /proj/xhdhdstaff2/kalib/sprite_makefile_dev/apps/cpp/getting_started/full_array_2d/emu/main.o /proj/xhdhdstaff2/kalib/sprite_makefile_dev/apps/cpp/getting_started/full_array_2d/emu/_sds/.data/xddata.xml
arm-linux-gnueabihf-objcopy -O binary --set-section-flags .xdinfo=alloc --only-section=.xdinfo /proj/xhdhdstaff2/kalib/sprite_makefile_dev/apps/cpp/getting_started/full_array_2d/emu/mmult.o /proj/xhdhdstaff2/kalib/sprite_makefile_dev/apps/cpp/getting_started/full_array_2d/emu/_sds/.data/xdinfo.xml
arm-linux-gnueabihf-objcopy -O binary --set-section-flags .xddata=alloc --only-section=.xddata /proj/xhdhdstaff2/kalib/sprite_makefile_dev/apps/cpp/getting_started/full_array_2d/emu/mmult.o /proj/xhdhdstaff2/kalib/sprite_makefile_dev/apps/cpp/getting_started/full_array_2d/emu/_sds/.data/mmult_accel.xml
arm-linux-gnueabihf-objcopy -O binary --set-section-flags .xdpp=alloc --only-section=.xdpp /proj/xhdhdstaff2/kalib/sprite_makefile_dev/apps/cpp/getting_started/full_array_2d/emu/mmult.o /proj/xhdhdstaff2/kalib/sprite_makefile_dev/apps/cpp/getting_started/full_array_2d/emu/_sds/.pp/mmult.ii
arm-linux-gnueabihf-objcopy -O binary --set-section-flags .xdfcnmap=alloc --only-section=.xdfcnmap /proj/xhdhdstaff2/kalib/sprite_makefile_dev/apps/cpp/getting_started/full_array_2d/emu/mmult.o /proj/xhdhdstaff2/kalib/sprite_makefile_dev/apps/cpp/getting_started/full_array_2d/emu/_sds/.cdb/mmult_accel.fcnmap.xml
arm-linux-gnueabihf-objcopy -O binary --set-section-flags .xdhlscore=alloc --only-section=.xdhlscore /proj/xhdhdstaff2/kalib/sprite_makefile_dev/apps/cpp/getting_started/full_array_2d/emu/mmult.o /proj/xhdhdstaff2/kalib/sprite_makefile_dev/apps/cpp/getting_started/full_array_2d/emu/_sds/iprepo/repo/xilinx_com_hls_mmult_accel_1_0/xilinx_com_hls_mmult_accel_1_0.zip
unzip -u -o /proj/xhdhdstaff2/kalib/sprite_makefile_dev/apps/cpp/getting_started/full_array_2d/emu/_sds/iprepo/repo/xilinx_com_hls_mmult_accel_1_0/xilinx_com_hls_mmult_accel_1_0.zip -d /proj/xhdhdstaff2/kalib/sprite_makefile_dev/apps/cpp/getting_started/full_array_2d/emu/_sds/iprepo/repo/xilinx_com_hls_mmult_accel_1_0
Archive:  /proj/xhdhdstaff2/kalib/sprite_makefile_dev/apps/cpp/getting_started/full_array_2d/emu/_sds/iprepo/repo/xilinx_com_hls_mmult_accel_1_0/xilinx_com_hls_mmult_accel_1_0.zip
  inflating: /proj/xhdhdstaff2/kalib/sprite_makefile_dev/apps/cpp/getting_started/full_array_2d/emu/_sds/iprepo/repo/xilinx_com_hls_mmult_accel_1_0/component.xml  
  inflating: /proj/xhdhdstaff2/kalib/sprite_makefile_dev/apps/cpp/getting_started/full_array_2d/emu/_sds/iprepo/repo/xilinx_com_hls_mmult_accel_1_0/constraints/mmult_accel_ooc.xdc  
  inflating: /proj/xhdhdstaff2/kalib/sprite_makefile_dev/apps/cpp/getting_started/full_array_2d/emu/_sds/iprepo/repo/xilinx_com_hls_mmult_accel_1_0/hdl/verilog/mmult_accel_mul_3bkb.v  
  inflating: /proj/xhdhdstaff2/kalib/sprite_makefile_dev/apps/cpp/getting_started/full_array_2d/emu/_sds/iprepo/repo/xilinx_com_hls_mmult_accel_1_0/hdl/verilog/mmult_accel_bufa.v  
  inflating: /proj/xhdhdstaff2/kalib/sprite_makefile_dev/apps/cpp/getting_started/full_array_2d/emu/_sds/iprepo/repo/xilinx_com_hls_mmult_accel_1_0/hdl/verilog/mmult_accel_a_m_axi.v  
  inflating: /proj/xhdhdstaff2/kalib/sprite_makefile_dev/apps/cpp/getting_started/full_array_2d/emu/_sds/iprepo/repo/xilinx_com_hls_mmult_accel_1_0/hdl/verilog/mmult_accel_b_m_axi.v  
  inflating: /proj/xhdhdstaff2/kalib/sprite_makefile_dev/apps/cpp/getting_started/full_array_2d/emu/_sds/iprepo/repo/xilinx_com_hls_mmult_accel_1_0/hdl/verilog/mmult_accel_c_m_axi.v  
  inflating: /proj/xhdhdstaff2/kalib/sprite_makefile_dev/apps/cpp/getting_started/full_array_2d/emu/_sds/iprepo/repo/xilinx_com_hls_mmult_accel_1_0/hdl/verilog/mmult_accel.v  
  inflating: /proj/xhdhdstaff2/kalib/sprite_makefile_dev/apps/cpp/getting_started/full_array_2d/emu/_sds/iprepo/repo/xilinx_com_hls_mmult_accel_1_0/hdl/vhdl/mmult_accel_mul_3bkb.vhd  
  inflating: /proj/xhdhdstaff2/kalib/sprite_makefile_dev/apps/cpp/getting_started/full_array_2d/emu/_sds/iprepo/repo/xilinx_com_hls_mmult_accel_1_0/hdl/vhdl/mmult_accel_bufa.vhd  
  inflating: /proj/xhdhdstaff2/kalib/sprite_makefile_dev/apps/cpp/getting_started/full_array_2d/emu/_sds/iprepo/repo/xilinx_com_hls_mmult_accel_1_0/hdl/vhdl/mmult_accel_a_m_axi.vhd  
  inflating: /proj/xhdhdstaff2/kalib/sprite_makefile_dev/apps/cpp/getting_started/full_array_2d/emu/_sds/iprepo/repo/xilinx_com_hls_mmult_accel_1_0/hdl/vhdl/mmult_accel_b_m_axi.vhd  
  inflating: /proj/xhdhdstaff2/kalib/sprite_makefile_dev/apps/cpp/getting_started/full_array_2d/emu/_sds/iprepo/repo/xilinx_com_hls_mmult_accel_1_0/hdl/vhdl/mmult_accel_c_m_axi.vhd  
  inflating: /proj/xhdhdstaff2/kalib/sprite_makefile_dev/apps/cpp/getting_started/full_array_2d/emu/_sds/iprepo/repo/xilinx_com_hls_mmult_accel_1_0/hdl/vhdl/mmult_accel.vhd  
  inflating: /proj/xhdhdstaff2/kalib/sprite_makefile_dev/apps/cpp/getting_started/full_array_2d/e