(c) Copyright 2012-2017 Xilinx, Inc. All Rights Reserved.
#-----------------------------------------------------------
# Tool version  : sds++ 2017.1 SW Build 1849166 on Apr 18 2017 18:44:15
# Start time    : Fri Apr 21 15:15:16 IST 2017
# Command line  : sds++ -sds-pf zc706 -target-os linux -Wall -O3 -c -MT/proj/xhdhdstaff2/kalib/sprite_makefile_dev/apps/cpp/getting_started/dependence_inter/emu/mean_value.o -MMD -MP -MF/proj/xhdhdstaff2/kalib/sprite_makefile_dev/apps/cpp/getting_started/dependence_inter/emu/mean_value.d -MT/proj/xhdhdstaff2/kalib/sprite_makefile_dev/apps/cpp/getting_started/dependence_inter/emu/mean_value.o -std=c++0x -I/proj/xhdhdstaff2/kalib/sprite_makefile_dev/apps/cpp/libs/sds_utils/ -o /proj/xhdhdstaff2/kalib/sprite_makefile_dev/apps/cpp/getting_started/dependence_inter/emu/mean_value.o /proj/xhdhdstaff2/kalib/sprite_makefile_dev/apps/cpp/getting_started/dependence_inter/src/mean_value.cpp -sds-hw mean_value_accel mean_value.cpp -sds-end
# Log file      : /proj/xhdhdstaff2/kalib/sprite_makefile_dev/apps/cpp/getting_started/dependence_inter/emu/_sds/reports/sds_mean_value.log
# Journal file  : /proj/xhdhdstaff2/kalib/sprite_makefile_dev/apps/cpp/getting_started/dependence_inter/emu/_sds/reports/sds_mean_value.jou
# Report file   : /proj/xhdhdstaff2/kalib/sprite_makefile_dev/apps/cpp/getting_started/dependence_inter/emu/_sds/reports/sds_mean_value.rpt
#-----------------------------------------------------------

INFO: [SDSoC 0-0] Create data motion intermediate representation
clang_wrapper -I/proj/xhdhdstaff2/kalib/sprite_makefile_dev/apps/cpp/libs/sds_utils/ -Wall -MMD -MP -std=c++0x -D __SDSCC__ -target arm-linux-gnueabihf -mcpu=cortex-a9 -mfpu=vfpv3 -mfloat-abi=hard -O0 -g     -I /proj/xbuilds/2017.1_sdx_0419_1/installs/lin64/SDx/2017.1/target/aarch32-linux/include  -I /proj/xbuilds/2017.1_sdx_0419_1/installs/lin64/SDx/2017.1/Vivado_HLS/include   -I/proj/xbuilds/2017.1_sdx_0419_1/installs/lin64/SDx/2017.1/SDK/gnu/aarch32/lin/gcc-arm-linux-gnueabi/arm-linux-gnueabihf/include/c++/6.2.1 -I/proj/xbuilds/2017.1_sdx_0419_1/installs/lin64/SDx/2017.1/SDK/gnu/aarch32/lin/gcc-arm-linux-gnueabi/arm-linux-gnueabihf/include/c++/6.2.1/arm-linux-gnueabihf -I/proj/xbuilds/2017.1_sdx_0419_1/installs/lin64/SDx/2017.1/SDK/gnu/aarch32/lin/gcc-arm-linux-gnueabi/arm-linux-gnueabihf/include/c++/6.2.1/backward -I/proj/xbuilds/2017.1_sdx_0419_1/installs/lin64/SDx/2017.1/SDK/gnu/aarch32/lin/gcc-arm-linux-gnueabi/lib/gcc/arm-linux-gnueabihf/6.2.1/include -I/proj/xbuilds/2017.1_sdx_0419_1/installs/lin64/SDx/2017.1/SDK/gnu/aarch32/lin/gcc-arm-linux-gnueabi/lib/gcc/arm-linux-gnueabihf/6.2.1/include-fixed -I/proj/xbuilds/2017.1_sdx_0419_1/installs/lin64/SDx/2017.1/SDK/gnu/aarch32/lin/gcc-arm-linux-gnueabi/arm-linux-gnueabihf/include -I/proj/xbuilds/2017.1_sdx_0419_1/installs/lin64/SDx/2017.1/SDK/gnu/aarch32/lin/gcc-arm-linux-gnueabi/arm-linux-gnueabihf/libc/usr/include  -std=c++11 -emit-llvm -S /proj/xhdhdstaff2/kalib/sprite_makefile_dev/apps/cpp/getting_started/dependence_inter/src/mean_value.cpp -o /proj/xhdhdstaff2/kalib/sprite_makefile_dev/apps/cpp/getting_started/dependence_inter/emu/mean_value.s
/proj/xbuilds/2017.1_sdx_0419_1/installs/lin64/SDx/2017.1/Vivado_HLS/include/hls_fpo.h:62:2: warning: "Xilinx Floating Point Operator IP core does not provide simulation models for ARM architecture.  Automatically defining HLS_NO_XIL_FPO_LIB in order to avoid this library dependency, although bit-accurate simulation of some functions is no longer possible.  You can make this warning go away by adding this define yourself before including any other files."  [-W#warnings]
#warning "Xilinx Floating Point Operator IP core does not provide simulation models for ARM architecture.  Automatically defining HLS_NO_XIL_FPO_LIB in order to avoid this library dependency, although bit-accurate simulation of some functions is no longer possible.  You can make this warning go away by adding this define yourself before including any other files." 
 ^
/proj/xhdhdstaff2/kalib/sprite_makefile_dev/apps/cpp/getting_started/dependence_inter/src/mean_value.cpp:62:5: warning: unused label 'input_read' [-Wunused-label]
    input_read:for (int i = 0 ; i < size ; i++){
    ^~~~~~~~~~~
/proj/xhdhdstaff2/kalib/sprite_makefile_dev/apps/cpp/getting_started/dependence_inter/src/mean_value.cpp:69:5: warning: unused label 'calc_mv' [-Wunused-label]
    calc_mv:for (int i = 1 ; i < size -1 ; i++) {
    ^~~~~~~~
/proj/xhdhdstaff2/kalib/sprite_makefile_dev/apps/cpp/getting_started/dependence_inter/src/mean_value.cpp:93:5: warning: unused label 'output_write' [-Wunused-label]
    output_write:for (int i = 0 ; i < size ; i++){
    ^~~~~~~~~~~~~
INFO: [SDSoC 0-0] Performing accelerator source linting for mean_value_accel
sdslint -func "mean_value_accel" /proj/xhdhdstaff2/kalib/sprite_makefile_dev/apps/cpp/getting_started/dependence_inter/src/mean_value.cpp -- -c -I/proj/xhdhdstaff2/kalib/sprite_makefile_dev/apps/cpp/libs/sds_utils/ -Wall -MMD -MP -std=c++0x -D __SDSCC__ -target arm-linux-gnueabihf -mcpu=cortex-a9 -mfpu=vfpv3 -mfloat-abi=hard -O0 -g -w    -I /proj/xbuilds/2017.1_sdx_0419_1/installs/lin64/SDx/2017.1/target/aarch32-linux/include  -I /proj/xbuilds/2017.1_sdx_0419_1/installs/lin64/SDx/2017.1/Vivado_HLS/include   -I/proj/xbuilds/2017.1_sdx_0419_1/installs/lin64/SDx/2017.1/SDK/gnu/aarch32/lin/gcc-arm-linux-gnueabi/arm-linux-gnueabihf/include/c++/6.2.1 -I/proj/xbuilds/2017.1_sdx_0419_1/installs/lin64/SDx/2017.1/SDK/gnu/aarch32/lin/gcc-arm-linux-gnueabi/arm-linux-gnueabihf/include/c++/6.2.1/arm-linux-gnueabihf -I/proj/xbuilds/2017.1_sdx_0419_1/installs/lin64/SDx/2017.1/SDK/gnu/aarch32/lin/gcc-arm-linux-gnueabi/arm-linux-gnueabihf/include/c++/6.2.1/backward -I/proj/xbuilds/2017.1_sdx_0419_1/installs/lin64/SDx/2017.1/SDK/gnu/aarch32/lin/gcc-arm-linux-gnueabi/lib/gcc/arm-linux-gnueabihf/6.2.1/include -I/proj/xbuilds/2017.1_sdx_0419_1/installs/lin64/SDx/2017.1/SDK/gnu/aarch32/lin/gcc-arm-linux-gnueabi/lib/gcc/arm-linux-gnueabihf/6.2.1/include-fixed -I/proj/xbuilds/2017.1_sdx_0419_1/installs/lin64/SDx/2017.1/SDK/gnu/aarch32/lin/gcc-arm-linux-gnueabi/arm-linux-gnueabihf/include -I/proj/xbuilds/2017.1_sdx_0419_1/installs/lin64/SDx/2017.1/SDK/gnu/aarch32/lin/gcc-arm-linux-gnueabi/arm-linux-gnueabihf/libc/usr/include  -std=c++11
arm-linux-gnueabihf-g++ -c /proj/xhdhdstaff2/kalib/sprite_makefile_dev/apps/cpp/getting_started/dependence_inter/emu/_sds/swstubs/mean_value.cpp -o /proj/xhdhdstaff2/kalib/sprite_makefile_dev/apps/cpp/getting_started/dependence_inter/emu/_sds/swstubs/mean_value.o
arm-linux-gnueabihf-objcopy --add-section .xdinfo=/proj/xhdhdstaff2/kalib/sprite_makefile_dev/apps/cpp/getting_started/dependence_inter/emu/_sds/swstubs/mean_value.o.xml /proj/xhdhdstaff2/kalib/sprite_makefile_dev/apps/cpp/getting_started/dependence_inter/emu/_sds/swstubs/mean_value.o
INFO: [SDSoC 0-0] Performing pragma generation
clang_wrapper -E -I/proj/xhdhdstaff2/kalib/sprite_makefile_dev/apps/cpp/libs/sds_utils -Wall -MMD -MP -std=c++0x -D __SDSCC__ -m32 -I /proj/xbuilds/2017.1_sdx_0419_1/installs/lin64/SDx/2017.1/target/aarch32-linux/include -I/proj/xhdhdstaff2/kalib/sprite_makefile_dev/apps/cpp/getting_started/dependence_inter/src -D __SDSVHLS__ -target arm-linux-gnueabihf -mcpu=cortex-a9 -mfpu=vfpv3 -mfloat-abi=hard -O0 -g -w    -I /proj/xbuilds/2017.1_sdx_0419_1/installs/lin64/SDx/2017.1/target/aarch32-linux/include  -I /proj/xbuilds/2017.1_sdx_0419_1/installs/lin64/SDx/2017.1/Vivado_HLS/include   -I/proj/xbuilds/2017.1_sdx_0419_1/installs/lin64/SDx/2017.1/SDK/gnu/aarch32/lin/gcc-arm-linux-gnueabi/arm-linux-gnueabihf/include/c++/6.2.1 -I/proj/xbuilds/2017.1_sdx_0419_1/installs/lin64/SDx/2017.1/SDK/gnu/aarch32/lin/gcc-arm-linux-gnueabi/arm-linux-gnueabihf/include/c++/6.2.1/arm-linux-gnueabihf -I/proj/xbuilds/2017.1_sdx_0419_1/installs/lin64/SDx/2017.1/SDK/gnu/aarch32/lin/gcc-arm-linux-gnueabi/arm-linux-gnueabihf/include/c++/6.2.1/backward -I/proj/xbuilds/2017.1_sdx_0419_1/installs/lin64/SDx/2017.1/SDK/gnu/aarch32/lin/gcc-arm-linux-gnueabi/lib/gcc/arm-linux-gnueabihf/6.2.1/include -I/proj/xbuilds/2017.1_sdx_0419_1/installs/lin64/SDx/2017.1/SDK/gnu/aarch32/lin/gcc-arm-linux-gnueabi/lib/gcc/arm-linux-gnueabihf/6.2.1/include-fixed -I/proj/xbuilds/2017.1_sdx_0419_1/installs/lin64/SDx/2017.1/SDK/gnu/aarch32/lin/gcc-arm-linux-gnueabi/arm-linux-gnueabihf/include -I/proj/xbuilds/2017.1_sdx_0419_1/installs/lin64/SDx/2017.1/SDK/gnu/aarch32/lin/gcc-arm-linux-gnueabi/arm-linux-gnueabihf/libc/usr/include  -std=c++11 /proj/xhdhdstaff2/kalib/sprite_makefile_dev/apps/cpp/getting_started/dependence_inter/src/mean_value.cpp -o /proj/xhdhdstaff2/kalib/sprite_makefile_dev/apps/cpp/getting_started/dependence_inter/emu/_sds/vhls/mean_value_pp.cpp
pragma_gen  -func "mean_value_accel"   -tcl /proj/xhdhdstaff2/kalib/sprite_makefile_dev/apps/cpp/getting_started/dependence_inter/emu/_sds/vhls/mean_value_accel.tcl   /proj/xhdhdstaff2/kalib/sprite_makefile_dev/apps/cpp/getting_started/dependence_inter/emu/_sds/vhls/mean_value_pp.cpp -multi_aximm   --  -c  -D __SDSVHLS__ -I/proj/xhdhdstaff2/kalib/sprite_makefile_dev/apps/cpp/libs/sds_utils -Wall -O3 -MMD -MP -std=c++0x -D __SDSCC__ -m32    -I /proj/xbuilds/2017.1_sdx_0419_1/installs/lin64/SDx/2017.1/target/aarch32-linux/include -I/proj/xhdhdstaff2/kalib/sprite_makefile_dev/apps/cpp/getting_started/dependence_inter/src  -target arm-linux-gnueabihf -mcpu=cortex-a9 -mfpu=vfpv3 -mfloat-abi=hard -O0 -g -w    -I /proj/xbuilds/2017.1_sdx_0419_1/installs/lin64/SDx/2017.1/target/aarch32-linux/include  -I /proj/xbuilds/2017.1_sdx_0419_1/installs/lin64/SDx/2017.1/Vivado_HLS/include   -I/proj/xbuilds/2017.1_sdx_0419_1/installs/lin64/SDx/2017.1/SDK/gnu/aarch32/lin/gcc-arm-linux-gnueabi/arm-linux-gnueabihf/include/c++/6.2.1 -I/proj/xbuilds/2017.1_sdx_0419_1/installs/lin64/SDx/2017.1/SDK/gnu/aarch32/lin/gcc-arm-linux-gnueabi/arm-linux-gnueabihf/include/c++/6.2.1/arm-linux-gnueabihf -I/proj/xbuilds/2017.1_sdx_0419_1/installs/lin64/SDx/2017.1/SDK/gnu/aarch32/lin/gcc-arm-linux-gnueabi/arm-linux-gnueabihf/include/c++/6.2.1/backward -I/proj/xbuilds/2017.1_sdx_0419_1/installs/lin64/SDx/2017.1/SDK/gnu/aarch32/lin/gcc-arm-linux-gnueabi/lib/gcc/arm-linux-gnueabihf/6.2.1/include -I/proj/xbuilds/2017.1_sdx_0419_1/installs/lin64/SDx/2017.1/SDK/gnu/aarch32/lin/gcc-arm-linux-gnueabi/lib/gcc/arm-linux-gnueabihf/6.2.1/include-fixed -I/proj/xbuilds/2017.1_sdx_0419_1/installs/lin64/SDx/2017.1/SDK/gnu/aarch32/lin/gcc-arm-linux-gnueabi/arm-linux-gnueabihf/include -I/proj/xbuilds/2017.1_sdx_0419_1/installs/lin64/SDx/2017.1/SDK/gnu/aarch32/lin/gcc-arm-linux-gnueabi/arm-linux-gnueabihf/libc/usr/include  -std=c++11
INFO: [SDSoC 0-0] Successfully generated tcl script: /proj/xhdhdstaff2/kalib/sprite_makefile_dev/apps/cpp/getting_started/dependence_inter/emu/_sds/vhls/mean_value_accel.tcl
INFO: [SDSoC 0-0] Moving function mean_value_accel to Programmable Logic
/proj/xbuilds/2017.1_sdx_0419_1/installs/lin64/SDx/2017.1/Vivado_HLS/bin/vivado_hls /proj/xhdhdstaff2/kalib/sprite_makefile_dev/apps/cpp/getting_started/dependence_inter/emu/_sds/vhls/mean_value_accel_run.tcl
================================================================
  Vivado(TM) HLS - High-Level Synthesis from C, C++ and SystemC
  Version 2017.1
  Build 1846317 on Tue Apr 18 19:02:30 MDT 2017
  Copyright (C) 1986-2017 Xilinx, Inc. All Rights Reserved.
================================================================
INFO: [HLS 200-10] Running '/proj/xbuilds/2017.1_sdx_0419_1/installs/lin64/SDx/2017.1/Vivado_HLS/bin/unwrapped/lnx64.o/vivado_hls'
INFO: [HLS 200-10] For user 'kalib' on host 'xhdrdevl102' (Linux_x86_64 version 2.6.32-431.el6.x86_64) on Fri Apr 21 15:15:23 IST 2017
INFO: [HLS 200-10] On os "Red Hat Enterprise Linux Workstation release 6.5 (Santiago)"
INFO: [HLS 200-10] In directory '/proj/xhdhdstaff2/kalib/sprite_makefile_dev/apps/cpp/getting_started/dependence_inter/emu/_sds/vhls'
INFO: [HLS 200-10] Creating and opening project '/proj/xhdhdstaff2/kalib/sprite_makefile_dev/apps/cpp/getting_started/dependence_inter/emu/_sds/vhls/mean_value_accel'.
INFO: [HLS 200-10] Adding design file '/proj/xhdhdstaff2/kalib/sprite_makefile_dev/apps/cpp/getting_started/dependence_inter/src/mean_value.cpp' to the project
INFO: [HLS 200-10] Creating and opening solution '/proj/xhdhdstaff2/kalib/sprite_makefile_dev/apps/cpp/getting_started/dependence_inter/emu/_sds/vhls/mean_value_accel/solution'.
INFO: [HLS 200-10] Cleaning up the solution database.
INFO: [HLS 200-10] Setting target device to ' xc7z045ffg900-2 '
INFO: [SYN 201-201] Setting up clock 'default' with a period of 7ns.
INFO: [HLS 200-10] Analyzing design file '/proj/xhdhdstaff2/kalib/sprite_makefile_dev/apps/cpp/getting_started/dependence_inter/src/mean_value.cpp' ... 
INFO: [HLS 200-10] Validating synthesis directives ...
INFO: [HLS 200-111] Finished Checking Pragmas Time (s): cpu = 00:00:25 ; elapsed = 00:00:11 . Memory (MB): peak = 435.051 ; gain = 12.648 ; free physical = 146945 ; free virtual = 251729
INFO: [HLS 200-111] Finished Linking Time (s): cpu = 00:00:26 ; elapsed = 00:00:11 . Memory (MB): peak = 435.051 ; gain = 12.648 ; free physical = 146944 ; free virtual = 251731
INFO: [HLS 200-10] Starting code transformations ...
INFO: [HLS 200-111] Finished Standard Transforms Time (s): cpu = 00:00:26 ; elapsed = 00:00:11 . Memory (MB): peak = 435.156 ; gain = 12.754 ; free physical = 146938 ; free virtual = 251726
INFO: [HLS 200-10] Checking synthesizability ...
INFO: [HLS 200-111] Finished Checking Synthesizability Time (s): cpu = 00:00:26 ; elapsed = 00:00:11 . Memory (MB): peak = 435.156 ; gain = 12.754 ; free physical = 146935 ; free virtual = 251724
INFO: [HLS 200-111] Finished Pre-synthesis Time (s): cpu = 00:00:26 ; elapsed = 00:00:11 . Memory (MB): peak = 562.988 ; gain = 140.586 ; free physical = 146910 ; free virtual = 251703
INFO: [XFORM 203-811] Inferring bus burst read of variable length on port 'in' (/proj/xhdhdstaff2/kalib/sprite_makefile_dev/apps/cpp/getting_started/dependence_inter/src/mean_value.cpp:65:2).
INFO: [XFORM 203-811] Inferring bus burst write of variable length on port 'out' (/proj/xhdhdstaff2/kalib/sprite_makefile_dev/apps/cpp/getting_started/dependence_inter/src/mean_value.cpp:96:2).
WARNING: [ANALYSIS 214-52] Found false inter dependency for variable 'local_buffer' (/proj/xhdhdstaff2/kalib/sprite_makefile_dev/apps/cpp/getting_started/dependence_inter/src/mean_value.cpp:59).
INFO: [HLS 200-111] Finished Architecture Synthesis Time (s): cpu = 00:00:26 ; elapsed = 00:00:12 . Memory (MB): peak = 562.988 ; gain = 140.586 ; free physical = 146913 ; free virtual = 251710
INFO: [HLS 200-10] Starting hardware synthesis ...
INFO: [HLS 200-10] Synthesizing 'mean_value_accel' ...
WARNING: [SYN 201-107] Renaming port name 'mean_value_accel/in' to 'mean_value_accel/in_r' to avoid the conflict with HDL keywords or other object names.
WARNING: [SYN 201-107] Renaming port name 'mean_value_accel/out' to 'mean_value_accel/out_r' to avoid the conflict with HDL keywords or other object names.
INFO: [HLS 200-10] ----------------------------------------------------------------
INFO: [HLS 200-10] -- Implementing module 'mean_value_accel' 
INFO: [HLS 200-10] ----------------------------------------------------------------
INFO: [SCHED 204-11] Starting scheduling ...
INFO: [SCHED 204-61] Pipelining loop 'input_read'.
INFO: [SCHED 204-61] Pipelining result: Target II: 1, Final II: 1, Depth: 3.
INFO: [SCHED 204-61] Pipelining loop 'output_write'.
INFO: [SCHED 204-61] Pipelining result: Target II: 1, Final II: 1, Depth: 3.
WARNING: [SCHED 204-71] Latency directive discarded for region mean_value_accel since it contains subloops.
INFO: [SCHED 204-11] Finished scheduling.
INFO: [HLS 200-111]  Elapsed time: 11.62 seconds; current allocated memory: 0.319 MB.
INFO: [BIND 205-100] Starting micro-architecture generation ...
INFO: [BIND 205-101] Performing variable lifetime analysis.
INFO: [BIND 205-101] Exploring resource sharing.
INFO: [BIND 205-101] Binding ...
INFO: [BIND 205-100] Finished micro-architecture generation.
INFO: [HLS 200-111]  Elapsed time: 0.12 seconds; current allocated memory: 0.319 MB.
INFO: [HLS 200-10] ----------------------------------------------------------------
INFO: [HLS 200-10] -- Generating RTL for module 'mean_value_accel' 
INFO: [HLS 200-10] -----------------------------------------------------------